#
# A fatal error has been detected by the Java Runtime Environment:
#
#  SIGSEGV (0xb) at pc=0x00000001e2b2a381, pid=4263, tid=1811
#
# JRE version: Java(TM) SE Runtime Environment (8.0_20-b26) (build 1.8.0_20-b26)
# Java VM: Java HotSpot(TM) 64-Bit Server VM (25.20-b23 mixed mode bsd-amd64 compressed oops)
# Problematic frame:
# C  [libglass.dylib+0x16381]  GlassScreenDidChangeScreenParameters+0x21
#
# Failed to write core dump. Core dumps have been disabled. To enable core dumping, try "ulimit -c unlimited" before starting Java again
#
# If you would like to submit a bug report, please visit:
#   http://bugreport.sun.com/bugreport/crash.jsp
#

---------------  T H R E A D  ---------------

Current thread is native thread

siginfo: si_signo: 11 (SIGSEGV), si_code: 1 (SEGV_MAPERR), si_addr: 0x0000000000000000

Registers:
RAX=0x00000001e2b5cd48, RBX=0x0000000000000000, RCX=0xd6009d217d779f90, RDX=0x00007fff749901f8
RSP=0x00007fff57182f40, RBP=0x00007fff57182f50, RSI=0x00007fc153f140c8, RDI=0x0000000000000000
R8 =0x00007fff57182df0, R9 =0x00007fff750ee300, R10=0x0000000000000000, R11=0x0000000000000246
R12=0x00007fc153f22bb0, R13=0x00000000000f4268, R14=0x00007fc153e40f10, R15=0x00007fff57183090
RIP=0x00000001e2b2a381, EFLAGS=0x0000000000010246, ERR=0x0000000000000004
  TRAPNO=0x000000000000000e

Top of Stack: (sp=0x00007fff57182f40)
0x00007fff57182f40:   00007fff57183120 00007fc153e40f10
0x00007fff57182f50:   00007fff57182f60 00007fff90044cbc
0x00007fff57182f60:   00007fff571832c0 00007fff8ff361b4
0x00007fff57182f70:   00007fc154946c00 0000000000000a00
0x00007fff57182f80:   0000000108a94000 00007fc153dfc080
0x00007fff57182f90:   0000000000001001 0000000000000900
0x00007fff57182fa0:   0000000000000004 00007fc153e40f10
0x00007fff57182fb0:   0000000000000000 00007fff57183090
0x00007fff57182fc0:   0000000000000000 00007fc153e40ed0
0x00007fff57182fd0:   00007fff57183110 0000000000000060
0x00007fff57182fe0:   00000000000f4317 00007fc153e39ff0
0x00007fff57182ff0:   00007fc153f47430 00007fc153f22bb0
0x00007fff57183000:   0000000000000001 00000000000f4268
0x00007fff57183010:   00007fc153f22ba0 00007fff8be72acb
0x00007fff57183020:   0000000000000001 0000000000000001
0x00007fff57183030:   0000000000000030 0000000000000001
0x00007fff57183040:   00007fff57183060 00007fff8be78231
0x00007fff57183050:   00007fff75857dd0 0000000000000000
0x00007fff57183060:   00007fff57183080 000000000000000c
0x00007fff57183070:   0005f70308a94000 00007fc153f22bd4
0x00007fff57183080:   0000000000000000 00007fff8ff2bc8f
0x00007fff57183090:   00007fc153e40f10 00007fff75857dd0
0x00007fff571830a0:   00007fff57183120 00007fff8ff347bf
0x00007fff571830b0:   00007fff57183124 0000000000469201
0x00007fff571830c0:   0000000108a97a00 0000000000000002
0x00007fff571830d0:   0000000108a94000 00007fc153e83652
0x00007fff571830e0:   0000000000000003 0000000108a98400
0x00007fff571830f0:   00007fff571831e0 00007fff8be712a2
0x00007fff57183100:   00007fc153e37750 00007fff571832c8
0x00007fff57183110:   0000000000000017 0000000000000000
0x00007fff57183120:   00000000000f4268 00007fff8ff2bf83
0x00007fff57183130:   00007fff00000000 00007fc153d23950 

Instructions: (pc=0x00000001e2b2a381)
0x00000001e2b2a361:   48 89 e5 41 56 53 48 8d 05 d2 2a 03 00 48 83 38
0x00000001e2b2a371:   00 48 89 fb 75 72 48 8d 05 ca 29 03 00 48 8b 30
0x00000001e2b2a381:   48 8b 03 48 8d 15 7c 99 01 00 48 8d 0d 5e 6f 01
0x00000001e2b2a391:   00 48 89 df ff 90 88 03 00 00 48 8d 0d 9e 2a 03 

Register to memory mapping:

RAX=0x00000001e2b5cd48: jScreenClass+0 in /Library/Java/JavaVirtualMachines/jdk1.8.0_20.jdk/Contents/Home/jre/lib/libglass.dylib at 0x00000001e2b14000
RBX=0x0000000000000000 is an unknown value
RCX=0xd6009d217d779f90 is an unknown value
RDX=0x00007fff749901f8: __sFX+0x1c8 in /usr/lib/system/libsystem_c.dylib at 0x00007fff89420000
RSP=0x00007fff57182f40 is an unknown value
RBP=0x00007fff57182f50 is an unknown value
RSI=0x00007fc153f140c8 is a global jni handle
RDI=0x0000000000000000 is an unknown value
R8 =0x00007fff57182df0 is an unknown value
R9 =0x00007fff750ee300: _thread+0 in /usr/lib/system/libsystem_pthread.dylib at 0x00007fff8c7ad000
R10=0x0000000000000000 is an unknown value
R11=0x0000000000000246 is an unknown value
R12=0x00007fc153f22bb0 is an unknown value
R13=0x00000000000f4268 is an unknown value
R14=0x00007fc153e40f10 is an unknown value
R15=0x00007fff57183090 is an unknown value


Stack: [0x00007fff56986000,0x00007fff57186000],  sp=0x00007fff57182f40,  free space=8179k
Native frames: (J=compiled Java code, j=interpreted, Vv=VM code, C=native code)
C  [libglass.dylib+0x16381]  GlassScreenDidChangeScreenParameters+0x21
C  [CoreFoundation+0x11ecbc]  __CFNOTIFICATIONCENTER_IS_CALLING_OUT_TO_AN_OBSERVER__+0xc
C  [CoreFoundation+0x101b4]  _CFXNotificationPost+0xc44
C  [Foundation+0x2ea1]  -[NSNotificationCenter postNotificationName:object:userInfo:]+0x42
C  [AppKit+0x362f3e]  -[NSApplication _reactToScreenInvalidationImmediately:]+0x17b
C  [AppKit+0x362d7d]  __44-[NSApplication _reactToScreenInvalidation:]_block_invoke+0x4b
C  [CoreFoundation+0x8054c]  __CFRUNLOOP_IS_CALLING_OUT_TO_A_BLOCK__+0xc
C  [CoreFoundation+0x72655]  __CFRunLoopDoBlocks+0x155
C  [CoreFoundation+0x72196]  __CFRunLoopRun+0x716
C  [CoreFoundation+0x71838]  CFRunLoopRunSpecific+0x128
C  [java+0x56cc]  CreateExecutionEnvironment+0x367
C  [java+0x165c]  JLI_Launch+0x7a0
C  [java+0x768a]  main+0x65
C  [java+0xeb4]  start+0x34


---------------  P R O C E S S  ---------------

VM state:at safepoint (normal execution)

VM Mutex/Monitor currently owned by a thread:  ([mutex/lock_event])
[0x00007fc153f02b10] Threads_lock - owner thread: 0x00007fc155833800
[0x00007fc153f03010] Heap_lock - owner thread: 0x00007fc155167000

Heap:
 PSYoungGen      total 38400K, used 8680K [0x000000016ef80000, 0x0000000171a00000, 0x0000000199a00000)
  eden space 33280K, 14% used [0x000000016ef80000,0x000000016f40d568,0x0000000171000000)
  from space 5120K, 78% used [0x0000000171000000,0x00000001713ecac0,0x0000000171500000)
  to   space 5120K, 0% used [0x0000000171500000,0x0000000171500000,0x0000000171a00000)
 ParOldGen       total 87552K, used 5168K [0x0000000119a00000, 0x000000011ef80000, 0x000000016ef80000)
  object space 87552K, 5% used [0x0000000119a00000,0x0000000119f0c030,0x000000011ef80000)
 Metaspace       used 15822K, capacity 16452K, committed 16640K, reserved 1062912K
  class space    used 2124K, capacity 2266K, committed 2304K, reserved 1048576K

Card table byte_map: [0x0000000199a00000,0x0000000199e01000] byte_map_base: 0x0000000199133000

Marking Bits: (ParMarkBitMap*) 0x0000000109446330
 Begin Bits: [0x000000019a4b8000, 0x000000019c4b8000)
 End Bits:   [0x000000019c4b8000, 0x000000019e4b8000)

Polling page: 0x0000000109bed000

CodeCache: size=245760Kb used=5156Kb max_used=5160Kb free=240603Kb
 bounds [0x000000010a434000, 0x000000010a944000, 0x0000000119434000]
 total_blobs=2345 nmethods=1711 adapters=548
 compilation: enabled

Compilation events (10 events):
Event: 157.263 Thread 0x00007fc155017800 1707       3       sun.misc.Unsafe::getAndAddInt (27 bytes)
Event: 157.264 Thread 0x00007fc155017800 nmethod 1707 0x000000010a93c5d0 code [0x000000010a93c740, 0x000000010a93c950]
Event: 157.614 Thread 0x00007fc155017800 1709       3       sun.invoke.util.VerifyAccess::isMemberAccessible (219 bytes)
Event: 157.619 Thread 0x00007fc155016800 1710       4       java.lang.Class::getName (21 bytes)
Event: 157.620 Thread 0x00007fc155017800 nmethod 1709 0x000000010a93ac50 code [0x000000010a93aee0, 0x000000010a93bfa8]
Event: 157.621 Thread 0x00007fc155016800 nmethod 1710 0x000000010a93a9d0 code [0x000000010a93ab20, 0x000000010a93abc8]
Event: 157.621 Thread 0x00007fc155017800 1711       3       jdk.internal.org.objectweb.asm.MethodWriter::visitFieldInsn (248 bytes)
Event: 157.625 Thread 0x00007fc155017800 nmethod 1711 0x000000010a93ed10 code [0x000000010a93ef00, 0x000000010a93f798]
Event: 157.626 Thread 0x00007fc155017800 1712       3       jdk.internal.org.objectweb.asm.ClassWriter::newFieldItem (77 bytes)
Event: 157.626 Thread 0x00007fc155017800 nmethod 1712 0x000000010a93e110 code [0x000000010a93e300, 0x000000010a93e918]

GC Heap History (2 events):
Event: 69.269 GC heap before
{Heap before GC invocations=1 (full 0):
 PSYoungGen      total 38400K, used 33280K [0x000000016ef80000, 0x0000000171a00000, 0x0000000199a00000)
  eden space 33280K, 100% used [0x000000016ef80000,0x0000000171000000,0x0000000171000000)
  from space 5120K, 0% used [0x0000000171500000,0x0000000171500000,0x0000000171a00000)
  to   space 5120K, 0% used [0x0000000171000000,0x0000000171000000,0x0000000171500000)
 ParOldGen       total 87552K, used 0K [0x0000000119a00000, 0x000000011ef80000, 0x000000016ef80000)
  object space 87552K, 0% used [0x0000000119a00000,0x0000000119a00000,0x000000011ef80000)
 Metaspace       used 15709K, capacity 16294K, committed 16384K, reserved 1062912K
  class space    used 2118K, capacity 2259K, committed 2304K, reserved 1048576K
Event: 69.280 GC heap after
Heap after GC invocations=1 (full 0):
 PSYoungGen      total 38400K, used 4018K [0x000000016ef80000, 0x0000000171a00000, 0x0000000199a00000)
  eden space 33280K, 0% used [0x000000016ef80000,0x000000016ef80000,0x0000000171000000)
  from space 5120K, 78% used [0x0000000171000000,0x00000001713ecac0,0x0000000171500000)
  to   space 5120K, 0% used [0x0000000171500000,0x0000000171500000,0x0000000171a00000)
 ParOldGen       total 87552K, used 5168K [0x0000000119a00000, 0x000000011ef80000, 0x000000016ef80000)
  object space 87552K, 5% used [0x0000000119a00000,0x0000000119f0c030,0x000000011ef80000)
 Metaspace       used 15709K, capacity 16294K, committed 16384K, reserved 1062912K
  class space    used 2118K, capacity 2259K, committed 2304K, reserved 1048576K
}

Deoptimization events (10 events):
Event: 2.073 Thread 0x00007fc155914000 Uncommon trap: reason=class_check action=maybe_recompile pc=0x000000010a6e9114 method=java.io.DataInputStream.readShort()S @ 4
Event: 2.091 Thread 0x00007fc155914000 Uncommon trap: reason=class_check action=maybe_recompile pc=0x000000010a55badc method=java.lang.String.equals(Ljava/lang/Object;)Z @ 8
Event: 2.091 Thread 0x00007fc155914000 Uncommon trap: reason=class_check action=maybe_recompile pc=0x000000010a55badc method=java.lang.String.equals(Ljava/lang/Object;)Z @ 8
Event: 2.091 Thread 0x00007fc155914000 Uncommon trap: reason=class_check action=maybe_recompile pc=0x000000010a55badc method=java.lang.String.equals(Ljava/lang/Object;)Z @ 8
Event: 2.094 Thread 0x00007fc155914000 Uncommon trap: reason=class_check action=maybe_recompile pc=0x000000010a55badc method=java.lang.String.equals(Ljava/lang/Object;)Z @ 8
Event: 2.309 Thread 0x00007fc155914000 Uncommon trap: reason=class_check action=maybe_recompile pc=0x000000010a795d4c method=javafx.beans.property.ObjectPropertyBase.get()Ljava/lang/Object; @ 23
Event: 2.309 Thread 0x00007fc155914000 Uncommon trap: reason=class_check action=maybe_recompile pc=0x000000010a795d4c method=javafx.beans.property.ObjectPropertyBase.get()Ljava/lang/Object; @ 23
Event: 2.309 Thread 0x00007fc155914000 Uncommon trap: reason=class_check action=maybe_recompile pc=0x000000010a795d4c method=javafx.beans.property.ObjectPropertyBase.get()Ljava/lang/Object; @ 23
Event: 2.309 Thread 0x00007fc155914000 Uncommon trap: reason=class_check action=maybe_recompile pc=0x000000010a795d4c method=javafx.beans.property.ObjectPropertyBase.get()Ljava/lang/Object; @ 23
Event: 155.898 Thread 0x00007fc155914000 Uncommon trap: reason=unreached action=reinterpret pc=0x000000010a9307c8 method=com.sun.glass.ui.mac.MacTouchInputSupport.notifyNextTouchEvent(Lcom/sun/glass/ui/View;IJIIII)V @ 121

Internal exceptions (10 events):
Event: 1.129 Thread 0x00007fc155914000 Exception <a 'java/security/PrivilegedActionException'> (0x000000016fabe460) thrown at [/HUDSON3/workspace/8-2-build-macosx-x86_64/jdk8u20/1074/hotspot/src/share/vm/prims/jvm.cpp, line 1275]
Event: 1.130 Thread 0x00007fc155914000 Exception <a 'java/security/PrivilegedActionException'> (0x000000016fac01d8) thrown at [/HUDSON3/workspace/8-2-build-macosx-x86_64/jdk8u20/1074/hotspot/src/share/vm/prims/jvm.cpp, line 1275]
Event: 1.130 Thread 0x00007fc155914000 Exception <a 'java/security/PrivilegedActionException'> (0x000000016fac0f88) thrown at [/HUDSON3/workspace/8-2-build-macosx-x86_64/jdk8u20/1074/hotspot/src/share/vm/prims/jvm.cpp, line 1275]
Event: 1.385 Thread 0x00007fc155914000 Exception <a 'java/lang/NullPointerException'> (0x000000016fc6f7e0) thrown at [/HUDSON3/workspace/8-2-build-macosx-x86_64/jdk8u20/1074/hotspot/src/share/vm/interpreter/linkResolver.cpp, line 1166]
Event: 1.385 Thread 0x00007fc155914000 Exception <a 'java/lang/NullPointerException'> (0x000000016fc6f7e0) thrown at [/HUDSON3/workspace/8-2-build-macosx-x86_64/jdk8u20/1074/hotspot/src/share/vm/prims/jvm.cpp, line 1279]
Event: 1.591 Thread 0x00007fc155914000 Exception <a 'java/security/PrivilegedActionException'> (0x000000016ffdc2d0) thrown at [/HUDSON3/workspace/8-2-build-macosx-x86_64/jdk8u20/1074/hotspot/src/share/vm/prims/jvm.cpp, line 1275]
Event: 1.595 Thread 0x00007fc155914000 Exception <a 'java/io/FileNotFoundException'> (0x0000000170012b90) thrown at [/HUDSON3/workspace/8-2-build-macosx-x86_64/jdk8u20/1074/hotspot/src/share/vm/prims/jni.cpp, line 716]
Event: 1.952 Thread 0x00007fc155914000 Exception <a 'java/security/PrivilegedActionException'> (0x000000017039c470) thrown at [/HUDSON3/workspace/8-2-build-macosx-x86_64/jdk8u20/1074/hotspot/src/share/vm/prims/jvm.cpp, line 1275]
Event: 1.953 Thread 0x00007fc155914000 Exception <a 'java/security/PrivilegedActionException'> (0x00000001703b15b8) thrown at [/HUDSON3/workspace/8-2-build-macosx-x86_64/jdk8u20/1074/hotspot/src/share/vm/prims/jvm.cpp, line 1275]
Event: 1.957 Thread 0x00007fc155914000 Exception <a 'java/security/PrivilegedActionException'> (0x00000001703d11a8) thrown at [/HUDSON3/workspace/8-2-build-macosx-x86_64/jdk8u20/1074/hotspot/src/share/vm/prims/jvm.cpp, line 1275]

Events (10 events):
Event: 157.624 Thread 0x00007fc1548bc000 Thread exited: 0x00007fc1548bc000
Event: 157.624 Thread 0x00007fc155801000 Thread exited: 0x00007fc155801000
Event: 157.624 Thread 0x00007fc155167000 Thread added: 0x00007fc155167000
Event: 157.639 Thread 0x00007fc155914000 Thread exited: 0x00007fc155914000
Event: 157.639 loading class java/util/IdentityHashMap$KeyIterator
Event: 157.639 loading class java/util/IdentityHashMap$IdentityHashMapIterator
Event: 157.640 loading class java/util/IdentityHashMap$IdentityHashMapIterator done
Event: 157.640 loading class java/util/IdentityHashMap$KeyIterator done
Event: 157.640 Thread 0x00007fc155167000 Thread exited: 0x00007fc155167000
Event: 157.640 Thread 0x00007fc154028000 Thread exited: 0x00007fc154028000


Dynamic libraries:
0x0000000003ae9000 	/System/Library/Frameworks/Cocoa.framework/Versions/A/Cocoa
0x0000000003ae9000 	/System/Library/Frameworks/Security.framework/Versions/A/Security
0x0000000003ae9000 	/System/Library/Frameworks/ApplicationServices.framework/Versions/A/ApplicationServices
0x0000000003ae9000 	/usr/lib/libz.1.dylib
0x0000000003ae9000 	/usr/lib/libSystem.B.dylib
0x0000000003ae9000 	/usr/lib/libobjc.A.dylib
0x0000000003ae9000 	/System/Library/Frameworks/CoreFoundation.framework/Versions/A/CoreFoundation
0x0000000003ae9000 	/System/Library/Frameworks/Foundation.framework/Versions/C/Foundation
0x0000000003ae9000 	/System/Library/Frameworks/AppKit.framework/Versions/C/AppKit
0x0000000003ae9000 	/System/Library/Frameworks/CoreData.framework/Versions/A/CoreData
0x0000000003ae9000 	/System/Library/PrivateFrameworks/RemoteViewServices.framework/Versions/A/RemoteViewServices
0x0000000003ae9000 	/System/Library/PrivateFrameworks/UIFoundation.framework/Versions/A/UIFoundation
0x0000000003ae9000 	/System/Library/Frameworks/IOSurface.framework/Versions/A/IOSurface
0x0000000003ae9000 	/System/Library/Frameworks/AudioToolbox.framework/Versions/A/AudioToolbox
0x0000000003ae9000 	/System/Library/Frameworks/AudioUnit.framework/Versions/A/AudioUnit
0x0000000003ae9000 	/System/Library/PrivateFrameworks/DataDetectorsCore.framework/Versions/A/DataDetectorsCore
0x0000000003ae9000 	/System/Library/PrivateFrameworks/DesktopServicesPriv.framework/Versions/A/DesktopServicesPriv
0x0000000003ae9000 	/System/Library/Frameworks/Carbon.framework/Versions/A/Frameworks/HIToolbox.framework/Versions/A/HIToolbox
0x0000000003ae9000 	/System/Library/Frameworks/QuartzCore.framework/Versions/A/QuartzCore
0x0000000003ae9000 	/System/Library/Frameworks/Carbon.framework/Versions/A/Frameworks/SpeechRecognition.framework/Versions/A/SpeechRecognition
0x0000000003ae9000 	/usr/lib/libauto.dylib
0x0000000003ae9000 	/usr/lib/libicucore.A.dylib
0x0000000003ae9000 	/usr/lib/libxml2.2.dylib
0x0000000003ae9000 	/System/Library/PrivateFrameworks/CoreUI.framework/Versions/A/CoreUI
0x0000000003ae9000 	/System/Library/Frameworks/CoreAudio.framework/Versions/A/CoreAudio
0x0000000003ae9000 	/System/Library/Frameworks/DiskArbitration.framework/Versions/A/DiskArbitration
0x0000000003ae9000 	/usr/lib/liblangid.dylib
0x0000000003ae9000 	/System/Library/PrivateFrameworks/MultitouchSupport.framework/Versions/A/MultitouchSupport
0x0000000003ae9000 	/System/Library/Frameworks/IOKit.framework/Versions/A/IOKit
0x0000000003ae9000 	/usr/lib/libDiagnosticMessagesClient.dylib
0x0000000003ae9000 	/System/Library/Frameworks/CoreServices.framework/Versions/A/CoreServices
0x0000000003ae9000 	/System/Library/PrivateFrameworks/PerformanceAnalysis.framework/Versions/A/PerformanceAnalysis
0x0000000003ae9000 	/System/Library/PrivateFrameworks/GenerationalStorage.framework/Versions/A/GenerationalStorage
0x0000000003ae9000 	/System/Library/Frameworks/OpenGL.framework/Versions/A/OpenGL
0x0000000003ae9000 	/System/Library/PrivateFrameworks/Sharing.framework/Versions/A/Sharing
0x0000000003ae9000 	/System/Library/Frameworks/CoreGraphics.framework/Versions/A/CoreGraphics
0x0000000003ae9000 	/System/Library/Frameworks/CoreText.framework/Versions/A/CoreText
0x0000000003ae9000 	/System/Library/Frameworks/ImageIO.framework/Versions/A/ImageIO
0x0000000003ae9000 	/usr/lib/libextension.dylib
0x0000000003ae9000 	/System/Library/PrivateFrameworks/Backup.framework/Versions/A/Backup
0x0000000003ae9000 	/usr/lib/libarchive.2.dylib
0x0000000003ae9000 	/System/Library/Frameworks/CFNetwork.framework/Versions/A/CFNetwork
0x0000000003ae9000 	/System/Library/Frameworks/SystemConfiguration.framework/Versions/A/SystemConfiguration
0x0000000003ae9000 	/usr/lib/libCRFSuite.dylib
0x0000000003ae9000 	/usr/lib/libc++.1.dylib
0x0000000003ae9000 	/usr/lib/libc++abi.dylib
0x0000000003ae9000 	/usr/lib/system/libcache.dylib
0x0000000003ae9000 	/usr/lib/system/libcommonCrypto.dylib
0x0000000003ae9000 	/usr/lib/system/libcompiler_rt.dylib
0x0000000003ae9000 	/usr/lib/system/libcopyfile.dylib
0x0000000003ae9000 	/usr/lib/system/libcorecrypto.dylib
0x0000000003ae9000 	/usr/lib/system/libdispatch.dylib
0x0000000003ae9000 	/usr/lib/system/libdyld.dylib
0x0000000003ae9000 	/usr/lib/system/libkeymgr.dylib
0x0000000003ae9000 	/usr/lib/system/liblaunch.dylib
0x0000000003ae9000 	/usr/lib/system/libmacho.dylib
0x0000000003ae9000 	/usr/lib/system/libquarantine.dylib
0x0000000003ae9000 	/usr/lib/system/libremovefile.dylib
0x0000000003ae9000 	/usr/lib/system/libsystem_asl.dylib
0x0000000003ae9000 	/usr/lib/system/libsystem_blocks.dylib
0x0000000003ae9000 	/usr/lib/system/libsystem_c.dylib
0x0000000003ae9000 	/usr/lib/system/libsystem_configuration.dylib
0x0000000003ae9000 	/usr/lib/system/libsystem_coreservices.dylib
0x0000000003ae9000 	/usr/lib/system/libsystem_coretls.dylib
0x0000000003ae9000 	/usr/lib/system/libsystem_dnssd.dylib
0x0000000003ae9000 	/usr/lib/system/libsystem_info.dylib
0x0000000003ae9000 	/usr/lib/system/libsystem_kernel.dylib
0x0000000003ae9000 	/usr/lib/system/libsystem_m.dylib
0x0000000003ae9000 	/usr/lib/system/libsystem_malloc.dylib
0x0000000003ae9000 	/usr/lib/system/libsystem_network.dylib
0x0000000003ae9000 	/usr/lib/system/libsystem_networkextension.dylib
0x0000000003ae9000 	/usr/lib/system/libsystem_notify.dylib
0x0000000003ae9000 	/usr/lib/system/libsystem_platform.dylib
0x0000000003ae9000 	/usr/lib/system/libsystem_pthread.dylib
0x0000000003ae9000 	/usr/lib/system/libsystem_sandbox.dylib
0x0000000003ae9000 	/usr/lib/system/libsystem_secinit.dylib
0x0000000003ae9000 	/usr/lib/system/libsystem_stats.dylib
0x0000000003ae9000 	/usr/lib/system/libsystem_trace.dylib
0x0000000003ae9000 	/usr/lib/system/libunc.dylib
0x0000000003ae9000 	/usr/lib/system/libunwind.dylib
0x0000000003ae9000 	/usr/lib/system/libxpc.dylib
0x0000000003ae9000 	/usr/lib/libbz2.1.0.dylib
0x0000000003ae9000 	/usr/lib/liblzma.5.dylib
0x0000000003ae9000 	/usr/lib/libbsm.0.dylib
0x0000000003ae9000 	/usr/lib/libsqlite3.dylib
0x0000000003ae9000 	/usr/lib/system/libkxld.dylib
0x0000000003ae9000 	/usr/lib/libxar.1.dylib
0x0000000003ae9000 	/usr/lib/libpam.2.dylib
0x0000000003ae9000 	/usr/lib/libOpenScriptingUtil.dylib
0x0000000003ae9000 	/System/Library/Frameworks/CoreServices.framework/Versions/A/Frameworks/FSEvents.framework/Versions/A/FSEvents
0x0000000003ae9000 	/System/Library/Frameworks/CoreServices.framework/Versions/A/Frameworks/CarbonCore.framework/Versions/A/CarbonCore
0x0000000003ae9000 	/System/Library/Frameworks/CoreServices.framework/Versions/A/Frameworks/Metadata.framework/Versions/A/Metadata
0x0000000003ae9000 	/System/Library/Frameworks/CoreServices.framework/Versions/A/Frameworks/OSServices.framework/Versions/A/OSServices
0x0000000003ae9000 	/System/Library/Frameworks/CoreServices.framework/Versions/A/Frameworks/SearchKit.framework/Versions/A/SearchKit
0x0000000003ae9000 	/System/Library/Frameworks/CoreServices.framework/Versions/A/Frameworks/AE.framework/Versions/A/AE
0x0000000003ae9000 	/System/Library/Frameworks/CoreServices.framework/Versions/A/Frameworks/LaunchServices.framework/Versions/A/LaunchServices
0x0000000003ae9000 	/System/Library/Frameworks/CoreServices.framework/Versions/A/Frameworks/DictionaryServices.framework/Versions/A/DictionaryServices
0x0000000003ae9000 	/System/Library/Frameworks/NetFS.framework/Versions/A/NetFS
0x0000000003ae9000 	/System/Library/PrivateFrameworks/NetAuth.framework/Versions/A/NetAuth
0x0000000003ae9000 	/System/Library/PrivateFrameworks/login.framework/Versions/A/Frameworks/loginsupport.framework/Versions/A/loginsupport
0x0000000003ae9000 	/System/Library/PrivateFrameworks/TCC.framework/Versions/A/TCC
0x0000000003ae9000 	/usr/lib/libmecabra.dylib
0x0000000003ae9000 	/System/Library/PrivateFrameworks/LanguageModeling.framework/Versions/A/LanguageModeling
0x0000000003ae9000 	/usr/lib/libcmph.dylib
0x0000000003ae9000 	/usr/lib/libiconv.2.dylib
0x0000000003ae9000 	/System/Library/Frameworks/OpenDirectory.framework/Versions/A/Frameworks/CFOpenDirectory.framework/Versions/A/CFOpenDirectory
0x0000000003ae9000 	/System/Library/Frameworks/ServiceManagement.framework/Versions/A/ServiceManagement
0x0000000003ae9000 	/usr/lib/libxslt.1.dylib
0x0000000003ae9000 	/System/Library/Frameworks/Carbon.framework/Versions/A/Frameworks/Ink.framework/Versions/A/Ink
0x0000000003ae9000 	/System/Library/Frameworks/ApplicationServices.framework/Versions/A/Frameworks/ATS.framework/Versions/A/ATS
0x0000000003ae9000 	/System/Library/Frameworks/ApplicationServices.framework/Versions/A/Frameworks/ColorSync.framework/Versions/A/ColorSync
0x0000000003ae9000 	/System/Library/Frameworks/ApplicationServices.framework/Versions/A/Frameworks/HIServices.framework/Versions/A/HIServices
0x0000000003ae9000 	/System/Library/Frameworks/ApplicationServices.framework/Versions/A/Frameworks/LangAnalysis.framework/Versions/A/LangAnalysis
0x0000000003ae9000 	/System/Library/Frameworks/ApplicationServices.framework/Versions/A/Frameworks/PrintCore.framework/Versions/A/PrintCore
0x0000000003ae9000 	/System/Library/Frameworks/ApplicationServices.framework/Versions/A/Frameworks/QD.framework/Versions/A/QD
0x0000000003ae9000 	/System/Library/Frameworks/ApplicationServices.framework/Versions/A/Frameworks/SpeechSynthesis.framework/Versions/A/SpeechSynthesis
0x0000000003ae9000 	/System/Library/Frameworks/Accelerate.framework/Versions/A/Accelerate
0x0000000003ae9000 	/System/Library/Frameworks/Accelerate.framework/Versions/A/Frameworks/vImage.framework/Versions/A/vImage
0x0000000003ae9000 	/System/Library/Frameworks/Accelerate.framework/Versions/A/Frameworks/vecLib.framework/Versions/A/vecLib
0x0000000003ae9000 	/System/Library/Frameworks/Accelerate.framework/Versions/A/Frameworks/vecLib.framework/Versions/A/libvDSP.dylib
0x0000000003ae9000 	/System/Library/Frameworks/Accelerate.framework/Versions/A/Frameworks/vecLib.framework/Versions/A/libvMisc.dylib
0x0000000003ae9000 	/System/Library/Frameworks/Accelerate.framework/Versions/A/Frameworks/vecLib.framework/Versions/A/libLAPACK.dylib
0x0000000003ae9000 	/System/Library/Frameworks/Accelerate.framework/Versions/A/Frameworks/vecLib.framework/Versions/A/libBLAS.dylib
0x0000000003ae9000 	/System/Library/Frameworks/Accelerate.framework/Versions/A/Frameworks/vecLib.framework/Versions/A/libLinearAlgebra.dylib
0x0000000003ae9000 	/System/Library/Frameworks/ApplicationServices.framework/Versions/A/Frameworks/ATS.framework/Versions/A/Resources/libFontParser.dylib
0x0000000003ae9000 	/System/Library/Frameworks/ApplicationServices.framework/Versions/A/Frameworks/ATS.framework/Versions/A/Resources/libFontRegistry.dylib
0x0000000003ae9000 	/System/Library/PrivateFrameworks/AppleVPA.framework/Versions/A/AppleVPA
0x0000000003ae9000 	/System/Library/PrivateFrameworks/AppleJPEG.framework/Versions/A/AppleJPEG
0x0000000003ae9000 	/System/Library/Frameworks/ImageIO.framework/Versions/A/Resources/libJPEG.dylib
0x0000000003ae9000 	/System/Library/Frameworks/ImageIO.framework/Versions/A/Resources/libTIFF.dylib
0x0000000003ae9000 	/System/Library/Frameworks/ImageIO.framework/Versions/A/Resources/libPng.dylib
0x0000000003ae9000 	/System/Library/Frameworks/ImageIO.framework/Versions/A/Resources/libGIF.dylib
0x0000000003ae9000 	/System/Library/Frameworks/ImageIO.framework/Versions/A/Resources/libJP2.dylib
0x0000000003ae9000 	/System/Library/Frameworks/ImageIO.framework/Versions/A/Resources/libRadiance.dylib
0x0000000003ae9000 	/System/Library/Frameworks/CoreVideo.framework/Versions/A/CoreVideo
0x0000000003ae9000 	/System/Library/Frameworks/OpenGL.framework/Versions/A/Libraries/libGLU.dylib
0x0000000003ae9000 	/System/Library/Frameworks/OpenGL.framework/Versions/A/Libraries/libGFXShared.dylib
0x0000000003ae9000 	/System/Library/Frameworks/OpenGL.framework/Versions/A/Libraries/libGL.dylib
0x0000000003ae9000 	/System/Library/Frameworks/OpenGL.framework/Versions/A/Libraries/libGLImage.dylib
0x0000000003ae9000 	/System/Library/Frameworks/OpenGL.framework/Versions/A/Libraries/libCVMSPluginSupport.dylib
0x0000000003ae9000 	/System/Library/Frameworks/OpenGL.framework/Versions/A/Libraries/libCoreVMClient.dylib
0x0000000003ae9000 	/usr/lib/libcups.2.dylib
0x0000000003ae9000 	/System/Library/Frameworks/Kerberos.framework/Versions/A/Kerberos
0x0000000003ae9000 	/System/Library/Frameworks/GSS.framework/Versions/A/GSS
0x0000000003ae9000 	/usr/lib/libresolv.9.dylib
0x0000000003ae9000 	/System/Library/PrivateFrameworks/Heimdal.framework/Versions/A/Heimdal
0x0000000003ae9000 	/usr/lib/libheimdal-asn1.dylib
0x0000000003ae9000 	/System/Library/Frameworks/OpenDirectory.framework/Versions/A/OpenDirectory
0x0000000003ae9000 	/System/Library/PrivateFrameworks/CommonAuth.framework/Versions/A/CommonAuth
0x0000000003ae9000 	/System/Library/Frameworks/SecurityFoundation.framework/Versions/A/SecurityFoundation
0x0000000003ae9000 	/System/Library/Frameworks/QuartzCore.framework/Versions/A/Frameworks/CoreImage.framework/Versions/A/CoreImage
0x0000000003ae9000 	/System/Library/PrivateFrameworks/CrashReporterSupport.framework/Versions/A/CrashReporterSupport
0x0000000003ae9000 	/System/Library/Frameworks/OpenCL.framework/Versions/A/OpenCL
0x0000000003ae9000 	/System/Library/PrivateFrameworks/FaceCore.framework/Versions/A/FaceCore
0x0000000003ae9000 	/System/Library/PrivateFrameworks/Ubiquity.framework/Versions/A/Ubiquity
0x0000000003ae9000 	/System/Library/PrivateFrameworks/IconServices.framework/Versions/A/IconServices
0x0000000003ae9000 	/System/Library/PrivateFrameworks/ChunkingLibrary.framework/Versions/A/ChunkingLibrary
0x0000000003ae9000 	/System/Library/PrivateFrameworks/Apple80211.framework/Versions/A/Apple80211
0x0000000003ae9000 	/System/Library/Frameworks/CoreWLAN.framework/Versions/A/CoreWLAN
0x0000000003ae9000 	/System/Library/Frameworks/IOBluetooth.framework/Versions/A/IOBluetooth
0x0000000003ae9000 	/System/Library/PrivateFrameworks/CoreWiFi.framework/Versions/A/CoreWiFi
0x0000000003ae9000 	/System/Library/Frameworks/CoreBluetooth.framework/Versions/A/CoreBluetooth
0x0000000003ae9000 	/System/Library/PrivateFrameworks/DebugSymbols.framework/Versions/A/DebugSymbols
0x0000000003ae9000 	/System/Library/PrivateFrameworks/CoreSymbolication.framework/Versions/A/CoreSymbolication
0x0000000003ae9000 	/System/Library/PrivateFrameworks/Symbolication.framework/Versions/A/Symbolication
0x0000000003ae9000 	/System/Library/PrivateFrameworks/SpeechRecognitionCore.framework/Versions/A/SpeechRecognitionCore
0x0000000108baa000 	/Library/Java/JavaVirtualMachines/jdk1.8.0_20.jdk/Contents/Home/jre/lib/server/libjvm.dylib
0x0000000003ae9000 	/usr/lib/libstdc++.6.dylib
0x0000000109bdf000 	/Library/Java/JavaVirtualMachines/jdk1.8.0_20.jdk/Contents/Home/jre/lib/libverify.dylib
0x000000010a400000 	/Library/Java/JavaVirtualMachines/jdk1.8.0_20.jdk/Contents/Home/jre/lib/libjava.dylib
0x0000000109bf7000 	/Library/Java/JavaVirtualMachines/jdk1.8.0_20.jdk/Contents/Home/jre/lib/libzip.dylib
0x00000001e068c000 	/System/Library/Frameworks/JavaVM.framework/Frameworks/JavaRuntimeSupport.framework/JavaRuntimeSupport
0x00000001e06a2000 	/System/Library/Frameworks/JavaVM.framework/Versions/A/Frameworks/JavaNativeFoundation.framework/Versions/A/JavaNativeFoundation
0x00000001197f4000 	/System/Library/Frameworks/JavaVM.framework/Versions/A/JavaVM
0x0000000003ae9000 	/System/Library/Frameworks/Carbon.framework/Versions/A/Carbon
0x00000001e06b6000 	/System/Library/PrivateFrameworks/JavaLaunching.framework/Versions/A/JavaLaunching
0x0000000003ae9000 	/System/Library/Frameworks/Carbon.framework/Versions/A/Frameworks/CommonPanels.framework/Versions/A/CommonPanels
0x0000000003ae9000 	/System/Library/Frameworks/Carbon.framework/Versions/A/Frameworks/Help.framework/Versions/A/Help
0x0000000003ae9000 	/System/Library/Frameworks/Carbon.framework/Versions/A/Frameworks/ImageCapture.framework/Versions/A/ImageCapture
0x0000000003ae9000 	/System/Library/Frameworks/Carbon.framework/Versions/A/Frameworks/OpenScripting.framework/Versions/A/OpenScripting
0x0000000003ae9000 	/System/Library/Frameworks/Carbon.framework/Versions/A/Frameworks/Print.framework/Versions/A/Print
0x0000000003ae9000 	/System/Library/Frameworks/Carbon.framework/Versions/A/Frameworks/SecurityHI.framework/Versions/A/SecurityHI
0x00000001e2667000 	/Library/Java/JavaVirtualMachines/jdk1.8.0_20.jdk/Contents/Home/jre/lib/libprism_es2.dylib
0x0000000003ae9000 	/System/Library/Frameworks/OpenGL.framework/Versions/A/Resources/GLEngine.bundle/GLEngine
0x0000000003ae9000 	/System/Library/Frameworks/OpenGL.framework/Versions/A/Libraries/libGLProgrammability.dylib
0x0000000000000000 	/System/Library/Extensions/AppleIntelHD5000GraphicsGLDriver.bundle/Contents/MacOS/AppleIntelHD5000GraphicsGLDriver
0x0000000003ae9000 	/System/Library/PrivateFrameworks/IOAccelerator.framework/Versions/A/IOAccelerator
0x0000000003ae9000 	/System/Library/PrivateFrameworks/GPUSupport.framework/Versions/A/Libraries/libGPUSupportMercury.dylib
0x0000000003ae9000 	/System/Library/Frameworks/OpenGL.framework/Versions/A/Resources/GLRendererFloat.bundle/GLRendererFloat
0x0000000003ae9000 	/System/Library/Frameworks/OpenCL.framework/Versions/A/Libraries/libcldcpuengine.dylib
0x0000000003ae9000 	/System/Library/PrivateFrameworks/DiskImages.framework/Versions/A/DiskImages
0x0000000003ae9000 	/System/Library/Frameworks/DiscRecording.framework/Versions/A/DiscRecording
0x0000000003ae9000 	/usr/lib/libcsfde.dylib
0x0000000003ae9000 	/usr/lib/libcurl.4.dylib
0x0000000003ae9000 	/System/Library/PrivateFrameworks/MediaKit.framework/Versions/A/MediaKit
0x0000000003ae9000 	/System/Library/PrivateFrameworks/ProtectedCloudStorage.framework/Versions/A/ProtectedCloudStorage
0x0000000003ae9000 	/usr/lib/libCoreStorage.dylib
0x0000000003ae9000 	/System/Library/PrivateFrameworks/EFILogin.framework/Versions/A/EFILogin
0x0000000003ae9000 	/usr/lib/libutil.dylib
0x0000000003ae9000 	/System/Library/PrivateFrameworks/FindMyDevice.framework/Versions/A/FindMyDevice
0x0000000003ae9000 	/System/Library/Frameworks/LDAP.framework/Versions/A/LDAP
0x0000000003ae9000 	/usr/lib/libsasl2.2.dylib
0x0000000003ae9000 	/System/Library/PrivateFrameworks/CoreDaemon.framework/Versions/B/CoreDaemon
0x0000000003ae9000 	/usr/lib/libcrypto.0.9.8.dylib
0x0000000003ae9000 	/System/Library/PrivateFrameworks/AppleSRP.framework/Versions/A/AppleSRP
0x0000000003ae9000 	/System/Library/PrivateFrameworks/TrustEvaluationAgent.framework/Versions/A/TrustEvaluationAgent
0x00000001e2b14000 	/Library/Java/JavaVirtualMachines/jdk1.8.0_20.jdk/Contents/Home/jre/lib/libglass.dylib
0x0000000003ae9000 	/System/Library/PrivateFrameworks/CoreServicesInternal.framework/Versions/A/CoreServicesInternal
0x0000000003ae9000 	/System/Library/PrivateFrameworks/CloudDocs.framework/Versions/A/CloudDocs
0x0000000003ae9000 	/System/Library/PrivateFrameworks/CoreDuet.framework/Versions/A/CoreDuet
0x0000000003ae9000 	/System/Library/Frameworks/CloudKit.framework/Versions/A/CloudKit
0x0000000003ae9000 	/System/Library/PrivateFrameworks/ProtocolBuffer.framework/Versions/A/ProtocolBuffer
0x0000000003ae9000 	/System/Library/PrivateFrameworks/CoreDuetDaemonProtocol.framework/Versions/A/CoreDuetDaemonProtocol
0x0000000003ae9000 	/System/Library/PrivateFrameworks/CoreDuetDebugLogging.framework/Versions/A/CoreDuetDebugLogging
0x0000000003ae9000 	/System/Library/Frameworks/CoreLocation.framework/Versions/A/CoreLocation
0x0000000003ae9000 	/System/Library/Frameworks/Accounts.framework/Versions/A/Accounts
0x0000000003ae9000 	/System/Library/PrivateFrameworks/ApplePushService.framework/Versions/A/ApplePushService
0x0000000003ae9000 	/System/Library/PrivateFrameworks/GeoServices.framework/Versions/A/GeoServices
0x0000000003ae9000 	/System/Library/PrivateFrameworks/OAuth.framework/Versions/A/OAuth
0x0000000003ae9000 	/System/Library/Frameworks/CoreGraphics.framework/Versions/A/Resources/libCGCMS.A.dylib
0x0000000003ae9000 	/System/Library/CoreServices/RawCamera.bundle/Contents/MacOS/RawCamera
0x0000000003ae9000 	/System/Library/Frameworks/CoreGraphics.framework/Versions/A/Resources/libRIP.A.dylib
0x0000000003ae9000 	/System/Library/PrivateFrameworks/FamilyControls.framework/Versions/A/FamilyControls
0x0000000003ae9000 	/System/Library/PrivateFrameworks/CommerceKit.framework/Versions/A/Frameworks/CommerceCore.framework/Versions/A/CommerceCore
0x0000000003ae9000 	/System/Library/PrivateFrameworks/SystemAdministration.framework/Versions/A/SystemAdministration
0x0000000003ae9000 	/System/Library/PrivateFrameworks/AppContainer.framework/Versions/A/AppContainer
0x0000000003ae9000 	/System/Library/PrivateFrameworks/SecCodeWrapper.framework/Versions/A/SecCodeWrapper
0x0000000003ae9000 	/System/Library/Frameworks/DirectoryService.framework/Versions/A/DirectoryService
0x0000000003ae9000 	/System/Library/PrivateFrameworks/LoginUIKit.framework/Versions/A/Frameworks/LoginUICore.framework/Versions/A/LoginUICore
0x0000000003ae9000 	/usr/lib/libodfde.dylib
0x00000001e6447000 	/Library/Java/JavaVirtualMachines/jdk1.8.0_20.jdk/Contents/Home/jre/lib/libjavafx_font.dylib
0x0000000003ae9000 	/System/Library/Frameworks/CoreGraphics.framework/Versions/A/Resources/libCGXType.A.dylib
0x00000001ea475000 	cl_kernels
0x00000001ea47f000 	/System/Library/Frameworks/OpenCL.framework/Versions/A/Libraries/ImageFormats/unorm8_bgra.dylib
0x00000001e8f97000 	cl_kernels
0x00000001ea45d000 	/Library/Java/JavaVirtualMachines/jdk1.8.0_20.jdk/Contents/Home/jre/lib/libprism_common.dylib

VM Arguments:
jvm_args: -Dfile.encoding=UTF-8 
java_command: /Users/chaojiewang/Desktop/Fall 2014/cse219/HW2/JourneyThroughEurope/dist/run1991799683/JourneyThroughEurope.jar
java_class_path (initial): /Users/chaojiewang/Desktop/Fall 2014/cse219/HW2/JourneyThroughEurope/dist/run1991799683/JourneyThroughEurope.jar
Launcher Type: SUN_STANDARD

Environment Variables:
PATH=/usr/bin:/bin:/usr/sbin:/sbin
LD_LIBRARY_PATH=/Library/Java/JavaVirtualMachines/jdk1.8.0_20.jdk/Contents/Home/jre/lib/amd64:/Library/Java/JavaVirtualMachines/jdk1.8.0_20.jdk/Contents/Home/jre/lib/i386:
SHELL=/bin/zsh
DYLD_LIBRARY_PATH=/Applications/NetBeans/NetBeans 8.0.app/Contents/Resources/NetBeans/webcommon/bin:

Signal Handlers:
SIGSEGV: [libjvm.dylib+0x578fd7], sa_mask[0]=11111111011111110111111111111111, sa_flags=SA_ONSTACK|SA_RESTART|SA_SIGINFO
SIGBUS: [libjvm.dylib+0x578fd7], sa_mask[0]=11111111011111110111111111111111, sa_flags=SA_RESTART|SA_SIGINFO
SIGFPE: [libjvm.dylib+0x45ab0c], sa_mask[0]=11111111011111110111111111111111, sa_flags=SA_RESTART|SA_SIGINFO
SIGPIPE: [libjvm.dylib+0x45ab0c], sa_mask[0]=11111111011111110111111111111111, sa_flags=SA_RESTART|SA_SIGINFO
SIGXFSZ: [libjvm.dylib+0x45ab0c], sa_mask[0]=11111111011111110111111111111111, sa_flags=SA_RESTART|SA_SIGINFO
SIGILL: [libjvm.dylib+0x45ab0c], sa_mask[0]=11111111011111110111111111111111, sa_flags=SA_RESTART|SA_SIGINFO
SIGUSR1: SIG_DFL, sa_mask[0]=00000000000000000000000000000000, sa_flags=none
SIGUSR2: [libjvm.dylib+0x45a62a], sa_mask[0]=00100000000000000000000000000000, sa_flags=SA_RESTART|SA_SIGINFO
SIGHUP: [libjvm.dylib+0x458bfd], sa_mask[0]=11111111011111110111111111111111, sa_flags=SA_RESTART|SA_SIGINFO
SIGINT: SIG_IGN, sa_mask[0]=00000000000000000000000000000000, sa_flags=none
SIGTERM: [libjvm.dylib+0x458bfd], sa_mask[0]=11111111011111110111111111111111, sa_flags=SA_RESTART|SA_SIGINFO
SIGQUIT: [libjvm.dylib+0x458bfd], sa_mask[0]=11111111011111110111111111111111, sa_flags=SA_RESTART|SA_SIGINFO


---------------  S Y S T E M  ---------------

OS:Bsduname:Darwin 14.0.0 Darwin Kernel Version 14.0.0: Fri Sep 19 00:26:44 PDT 2014; root:xnu-2782.1.97~2/RELEASE_X86_64 x86_64
rlimit: STACK 8192k, CORE 0k, NPROC 709, NOFILE 10240, AS infinity
load average:2.20 2.01 1.75

CPU:total 4 (2 cores per cpu, 2 threads per core) family 6 model 69 stepping 1, cmov, cx8, fxsr, mmx, sse, sse2, sse3, ssse3, sse4.1, sse4.2, popcnt, avx, avx2, aes, clmul, erms, lzcnt, ht, tsc, tscinvbit, bmi1, bmi2

Memory: 4k page, physical 8388608k(219988k free)

/proc/meminfo:


vm_info: Java HotSpot(TM) 64-Bit Server VM (25.20-b23) for bsd-amd64 JRE (1.8.0_20-b26), built on Jul 30 2014 13:37:47 by "java_re" with gcc 4.2.1 (Based on Apple Inc. build 5658) (LLVM build 2336.9.00)

time: Sat Nov  8 21:49:48 2014
elapsed time: 157 seconds (0d 0h 2m 37s)

