#
# A fatal error has been detected by the Java Runtime Environment:
#
#  SIGSEGV (0xb) at pc=0x00000001dca40381, pid=10421, tid=1811
#
# JRE version: Java(TM) SE Runtime Environment (8.0_20-b26) (build 1.8.0_20-b26)
# Java VM: Java HotSpot(TM) 64-Bit Server VM (25.20-b23 mixed mode bsd-amd64 compressed oops)
# Problematic frame:
# C  [libglass.dylib+0x16381]  GlassScreenDidChangeScreenParameters+0x21
#
# Failed to write core dump. Core dumps have been disabled. To enable core dumping, try "ulimit -c unlimited" before starting Java again
#
# If you would like to submit a bug report, please visit:
#   http://bugreport.sun.com/bugreport/crash.jsp
#

---------------  T H R E A D  ---------------

Current thread is native thread

siginfo: si_signo: 11 (SIGSEGV), si_code: 1 (SEGV_MAPERR), si_addr: 0x0000000000000000

Registers:
RAX=0x00000001dca72d48, RBX=0x0000000000000000, RCX=0x8700f3e26503be42, RDX=0x00007fff749901f8
RSP=0x00007fff5d26cf40, RBP=0x00007fff5d26cf50, RSI=0x00007fd7925147c8, RDI=0x0000000000000000
R8 =0x00007fff5d26cdf0, R9 =0x00007fff750ee300, R10=0x0000000000000000, R11=0x0000000000000246
R12=0x00007fd79251e1c0, R13=0x00000000000f4268, R14=0x00007fd792482d90, R15=0x00007fff5d26d090
RIP=0x00000001dca40381, EFLAGS=0x0000000000010246, ERR=0x0000000000000004
  TRAPNO=0x000000000000000e

Top of Stack: (sp=0x00007fff5d26cf40)
0x00007fff5d26cf40:   00007fff5d26d120 00007fd792482d90
0x00007fff5d26cf50:   00007fff5d26cf60 00007fff90044cbc
0x00007fff5d26cf60:   00007fff5d26d2c0 00007fff8ff361b4
0x00007fff5d26cf70:   00007fd792839a00 0000000000000000
0x00007fff5d26cf80:   00000001029aa000 00007fd794efc080
0x00007fff5d26cf90:   0000000000001000 0000000000000ba0
0x00007fff5d26cfa0:   0000000000000004 00007fd792482d90
0x00007fff5d26cfb0:   0000000000000000 00007fff5d26d090
0x00007fff5d26cfc0:   0000000000000000 00007fd792482d50
0x00007fff5d26cfd0:   00007fff5d26d110 000000000000007c
0x00007fff5d26cfe0:   00000000000f4349 00007fd7925836e0
0x00007fff5d26cff0:   00007fd792561c50 00007fd79251e1c0
0x00007fff5d26d000:   0000000000000001 00000000000f4268
0x00007fff5d26d010:   00007fd79251e1b0 00007fff8be72acb
0x00007fff5d26d020:   0000000000000001 0000000000000001
0x00007fff5d26d030:   0000000000000030 0000000000000001
0x00007fff5d26d040:   00007fff5d26d060 00007fff8be78231
0x00007fff5d26d050:   00007fff75857dd0 0000000000000000
0x00007fff5d26d060:   00007fff5d26d080 000000000000001a
0x00007fff5d26d070:   0007ef0300000000 00007fd79251e1e4
0x00007fff5d26d080:   0000000000000000 00007fff8ff2bc8f
0x00007fff5d26d090:   00007fd792482d90 00007fff75857dd0
0x00007fff5d26d0a0:   00007fff5d26d120 00007fff8ff347bf
0x00007fff5d26d0b0:   00007fff5d26d124 00000000004dec01
0x00007fff5d26d0c0:   00000001029ada00 0000000000000002
0x00007fff5d26d0d0:   00000001029aa000 00007fd792526ed2
0x00007fff5d26d0e0:   0000000000000003 00000001029ada00
0x00007fff5d26d0f0:   00007fff5d26d1e0 00007fff8be712a2
0x00007fff5d26d100:   00007fd79261a7e0 00007fff5d26d2c8
0x00007fff5d26d110:   0000000000000017 0000000000000000
0x00007fff5d26d120:   00000000000f4268 00007fff8ff2bf83
0x00007fff5d26d130:   00007fff00000000 00007fd7924579b0 

Instructions: (pc=0x00000001dca40381)
0x00000001dca40361:   48 89 e5 41 56 53 48 8d 05 d2 2a 03 00 48 83 38
0x00000001dca40371:   00 48 89 fb 75 72 48 8d 05 ca 29 03 00 48 8b 30
0x00000001dca40381:   48 8b 03 48 8d 15 7c 99 01 00 48 8d 0d 5e 6f 01
0x00000001dca40391:   00 48 89 df ff 90 88 03 00 00 48 8d 0d 9e 2a 03 

Register to memory mapping:

RAX=0x00000001dca72d48: jScreenClass+0 in /Library/Java/JavaVirtualMachines/jdk1.8.0_20.jdk/Contents/Home/jre/lib/libglass.dylib at 0x00000001dca2a000
RBX=0x0000000000000000 is an unknown value
RCX=0x8700f3e26503be42 is an unknown value
RDX=0x00007fff749901f8: __sFX+0x1c8 in /usr/lib/system/libsystem_c.dylib at 0x00007fff89420000
RSP=0x00007fff5d26cf40 is an unknown value
RBP=0x00007fff5d26cf50 is an unknown value
RSI=0x00007fd7925147c8 is a global jni handle
RDI=0x0000000000000000 is an unknown value
R8 =0x00007fff5d26cdf0 is an unknown value
R9 =0x00007fff750ee300: _thread+0 in /usr/lib/system/libsystem_pthread.dylib at 0x00007fff8c7ad000
R10=0x0000000000000000 is an unknown value
R11=0x0000000000000246 is an unknown value
R12=0x00007fd79251e1c0 is an unknown value
R13=0x00000000000f4268 is an unknown value
R14=0x00007fd792482d90 is an unknown value
R15=0x00007fff5d26d090 is an unknown value


Stack: [0x00007fff5ca70000,0x00007fff5d270000],  sp=0x00007fff5d26cf40,  free space=8179k
Native frames: (J=compiled Java code, j=interpreted, Vv=VM code, C=native code)
C  [libglass.dylib+0x16381]  GlassScreenDidChangeScreenParameters+0x21
C  [CoreFoundation+0x11ecbc]  __CFNOTIFICATIONCENTER_IS_CALLING_OUT_TO_AN_OBSERVER__+0xc
C  [CoreFoundation+0x101b4]  _CFXNotificationPost+0xc44
C  [Foundation+0x2ea1]  -[NSNotificationCenter postNotificationName:object:userInfo:]+0x42
C  [AppKit+0x362f3e]  -[NSApplication _reactToScreenInvalidationImmediately:]+0x17b
C  [AppKit+0x362d7d]  __44-[NSApplication _reactToScreenInvalidation:]_block_invoke+0x4b
C  [CoreFoundation+0x8054c]  __CFRUNLOOP_IS_CALLING_OUT_TO_A_BLOCK__+0xc
C  [CoreFoundation+0x72655]  __CFRunLoopDoBlocks+0x155
C  [CoreFoundation+0x72196]  __CFRunLoopRun+0x716
C  [CoreFoundation+0x71838]  CFRunLoopRunSpecific+0x128
C  [java+0x56cc]  CreateExecutionEnvironment+0x367
C  [java+0x165c]  JLI_Launch+0x7a0
C  [java+0x768a]  main+0x65
C  [java+0xeb4]  start+0x34


---------------  P R O C E S S  ---------------

VM state:at safepoint (normal execution)

VM Mutex/Monitor currently owned by a thread:  ([mutex/lock_event])
[0x00007fd7925030e0] Threads_lock - owner thread: 0x00007fd79385b800
[0x00007fd7925035e0] Heap_lock - owner thread: 0x00007fd792b3a800

Heap:
 PSYoungGen      total 38400K, used 33241K [0x0000000168f80000, 0x000000016ba00000, 0x0000000193a00000)
  eden space 33280K, 84% used [0x0000000168f80000,0x000000016aafe328,0x000000016b000000)
  from space 5120K, 99% used [0x000000016b000000,0x000000016b4f81b0,0x000000016b500000)
  to   space 5120K, 0% used [0x000000016b500000,0x000000016b500000,0x000000016ba00000)
 ParOldGen       total 87552K, used 3452K [0x0000000113a00000, 0x0000000118f80000, 0x0000000168f80000)
  object space 87552K, 3% used [0x0000000113a00000,0x0000000113d5f0a8,0x0000000118f80000)
 Metaspace       used 19381K, capacity 20294K, committed 20352K, reserved 1067008K
  class space    used 2742K, capacity 2928K, committed 2944K, reserved 1048576K

Card table byte_map: [0x0000000193a00000,0x0000000193e01000] byte_map_base: 0x0000000193163000

Marking Bits: (ParMarkBitMap*) 0x000000010335c330
 Begin Bits: [0x00000001944b8000, 0x00000001964b8000)
 End Bits:   [0x00000001964b8000, 0x00000001984b8000)

Polling page: 0x0000000104337000

CodeCache: size=245760Kb used=8719Kb max_used=8719Kb free=237040Kb
 bounds [0x000000010434a000, 0x0000000104bda000, 0x000000011334a000]
 total_blobs=3441 nmethods=2758 adapters=597
 compilation: enabled

Compilation events (10 events):
Event: 94.781 Thread 0x00007fd79400d800 2759       3       javafx.animation.Animation::impl_timePulse (60 bytes)
Event: 94.781 Thread 0x00007fd79400d800 nmethod 2759 0x0000000104bc8b10 code [0x0000000104bc8ca0, 0x0000000104bc9058]
Event: 94.796 Thread 0x00007fd79400d800 2760   !   3       com.sun.scenario.animation.shared.SingleLoopClipEnvelope::timePulse (148 bytes)
Event: 94.798 Thread 0x00007fd79400d800 nmethod 2760 0x0000000104bc9190 code [0x0000000104bc9380, 0x0000000104bc9b68]
Event: 94.798 Thread 0x00007fd79400d800 2761       3       com.sun.scenario.animation.shared.SimpleClipInterpolator::interpolate (44 bytes)
Event: 94.798 Thread 0x00007fd79400d800 nmethod 2761 0x0000000104bc9e90 code [0x0000000104bca020, 0x0000000104bca368]
Event: 94.847 Thread 0x00007fd79400d800 2762       3       javafx.scene.Scene$ScenePulseListener::focusCleanup (93 bytes)
Event: 94.855 Thread 0x00007fd79400d800 nmethod 2762 0x0000000104bca550 code [0x0000000104bcaa60, 0x0000000104bce268]
Event: 94.855 Thread 0x00007fd79400d800 2763       3       java.lang.invoke.LambdaForm::normalize (281 bytes)
Event: 94.856 Thread 0x00007fd79400d800 nmethod 2763 0x0000000104bd08d0 code [0x0000000104bd0b40, 0x0000000104bd2018]

GC Heap History (2 events):
Event: 1.970 GC heap before
{Heap before GC invocations=1 (full 0):
 PSYoungGen      total 38400K, used 32625K [0x0000000168f80000, 0x000000016ba00000, 0x0000000193a00000)
  eden space 33280K, 98% used [0x0000000168f80000,0x000000016af5c570,0x000000016b000000)
  from space 5120K, 0% used [0x000000016b500000,0x000000016b500000,0x000000016ba00000)
  to   space 5120K, 0% used [0x000000016b000000,0x000000016b000000,0x000000016b500000)
 ParOldGen       total 87552K, used 0K [0x0000000113a00000, 0x0000000118f80000, 0x0000000168f80000)
  object space 87552K, 0% used [0x0000000113a00000,0x0000000113a00000,0x0000000118f80000)
 Metaspace       used 13262K, capacity 13628K, committed 13824K, reserved 1060864K
  class space    used 1833K, capacity 1935K, committed 2048K, reserved 1048576K
Event: 1.986 GC heap after
Heap after GC invocations=1 (full 0):
 PSYoungGen      total 38400K, used 5088K [0x0000000168f80000, 0x000000016ba00000, 0x0000000193a00000)
  eden space 33280K, 0% used [0x0000000168f80000,0x0000000168f80000,0x000000016b000000)
  from space 5120K, 99% used [0x000000016b000000,0x000000016b4f81b0,0x000000016b500000)
  to   space 5120K, 0% used [0x000000016b500000,0x000000016b500000,0x000000016ba00000)
 ParOldGen       total 87552K, used 3452K [0x0000000113a00000, 0x0000000118f80000, 0x0000000168f80000)
  object space 87552K, 3% used [0x0000000113a00000,0x0000000113d5f0a8,0x0000000118f80000)
 Metaspace       used 13262K, capacity 13628K, committed 13824K, reserved 1060864K
  class space    used 1833K, capacity 1935K, committed 2048K, reserved 1048576K
}

Deoptimization events (10 events):
Event: 2.190 Thread 0x00007fd793094800 Uncommon trap: reason=class_check action=maybe_recompile pc=0x000000010446ef5c method=java.lang.String.equals(Ljava/lang/Object;)Z @ 8
Event: 2.338 Thread 0x00007fd793094800 Uncommon trap: reason=class_check action=maybe_recompile pc=0x00000001046e8b0c method=javafx.beans.property.ObjectPropertyBase.get()Ljava/lang/Object; @ 23
Event: 2.338 Thread 0x00007fd793094800 Uncommon trap: reason=class_check action=maybe_recompile pc=0x00000001046e8b0c method=javafx.beans.property.ObjectPropertyBase.get()Ljava/lang/Object; @ 23
Event: 2.338 Thread 0x00007fd793094800 Uncommon trap: reason=class_check action=maybe_recompile pc=0x00000001046e8b0c method=javafx.beans.property.ObjectPropertyBase.get()Ljava/lang/Object; @ 23
Event: 2.338 Thread 0x00007fd793094800 Uncommon trap: reason=class_check action=maybe_recompile pc=0x00000001046e8b0c method=javafx.beans.property.ObjectPropertyBase.get()Ljava/lang/Object; @ 23
Event: 3.159 Thread 0x00007fd793094800 Uncommon trap: reason=unreached action=reinterpret pc=0x0000000104785d80 method=com.sun.javafx.css.SimpleSelector.stateMatches(Ljavafx/css/Styleable;Ljava/util/Set;)Z @ 1
Event: 5.696 Thread 0x00007fd793094800 Uncommon trap: reason=array_check action=maybe_recompile pc=0x00000001047ca5cc method=com.sun.javafx.css.SimpleSelector.applies(Ljavafx/css/Styleable;[Ljava/util/Set;I)Z @ 37
Event: 5.696 Thread 0x00007fd793094800 Uncommon trap: reason=array_check action=maybe_recompile pc=0x00000001047ca5cc method=com.sun.javafx.css.SimpleSelector.applies(Ljavafx/css/Styleable;[Ljava/util/Set;I)Z @ 37
Event: 5.696 Thread 0x00007fd793094800 Uncommon trap: reason=array_check action=maybe_recompile pc=0x00000001047ca5cc method=com.sun.javafx.css.SimpleSelector.applies(Ljavafx/css/Styleable;[Ljava/util/Set;I)Z @ 37
Event: 5.696 Thread 0x00007fd793094800 Uncommon trap: reason=array_check action=maybe_recompile pc=0x00000001047ca5cc method=com.sun.javafx.css.SimpleSelector.applies(Ljavafx/css/Styleable;[Ljava/util/Set;I)Z @ 37

Internal exceptions (10 events):
Event: 2.103 Thread 0x00007fd793094800 Exception <a 'java/security/PrivilegedActionException'> (0x0000000169413e48) thrown at [/HUDSON3/workspace/8-2-build-macosx-x86_64/jdk8u20/1074/hotspot/src/share/vm/prims/jvm.cpp, line 1275]
Event: 3.159 Thread 0x00007fd793094800 Implicit null exception at 0x00000001047855b9 to 0x0000000104785d59
Event: 6.419 Thread 0x00007fd793094800 Exception <a 'java/security/PrivilegedActionException'> (0x000000016a261c20) thrown at [/HUDSON3/workspace/8-2-build-macosx-x86_64/jdk8u20/1074/hotspot/src/share/vm/prims/jvm.cpp, line 1275]
Event: 6.420 Thread 0x00007fd793094800 Exception <a 'java/security/PrivilegedActionException'> (0x000000016a277e60) thrown at [/HUDSON3/workspace/8-2-build-macosx-x86_64/jdk8u20/1074/hotspot/src/share/vm/prims/jvm.cpp, line 1275]
Event: 6.421 Thread 0x00007fd793094800 Exception <a 'java/security/PrivilegedActionException'> (0x000000016a292560) thrown at [/HUDSON3/workspace/8-2-build-macosx-x86_64/jdk8u20/1074/hotspot/src/share/vm/prims/jvm.cpp, line 1275]
Event: 8.130 Thread 0x00007fd793094800 Exception <a 'java/security/PrivilegedActionException'> (0x000000016a515200) thrown at [/HUDSON3/workspace/8-2-build-macosx-x86_64/jdk8u20/1074/hotspot/src/share/vm/prims/jvm.cpp, line 1275]
Event: 8.130 Thread 0x00007fd793094800 Exception <a 'java/security/PrivilegedActionException'> (0x000000016a515da0) thrown at [/HUDSON3/workspace/8-2-build-macosx-x86_64/jdk8u20/1074/hotspot/src/share/vm/prims/jvm.cpp, line 1275]
Event: 8.130 Thread 0x00007fd793094800 Exception <a 'java/security/PrivilegedActionException'> (0x000000016a517f08) thrown at [/HUDSON3/workspace/8-2-build-macosx-x86_64/jdk8u20/1074/hotspot/src/share/vm/prims/jvm.cpp, line 1275]
Event: 8.130 Thread 0x00007fd793094800 Exception <a 'java/security/PrivilegedActionException'> (0x000000016a518b18) thrown at [/HUDSON3/workspace/8-2-build-macosx-x86_64/jdk8u20/1074/hotspot/src/share/vm/prims/jvm.cpp, line 1275]
Event: 11.140 Thread 0x00007fd793094800 Exception <a 'java/lang/IllegalArgumentException'> (0x000000016a5cee18) thrown at [/HUDSON3/workspace/8-2-build-macosx-x86_64/jdk8u20/1074/hotspot/src/share/vm/prims/jvm.cpp, line 1279]

Events (10 events):
Event: 94.948 Thread 0x00007fd794050000 Thread exited: 0x00007fd794050000
Event: 94.948 Thread 0x00007fd793804000 Thread exited: 0x00007fd793804000
Event: 94.948 Thread 0x00007fd792b3a800 Thread added: 0x00007fd792b3a800
Event: 94.949 Thread 0x00007fd793094800 Thread exited: 0x00007fd793094800
Event: 94.949 loading class java/util/IdentityHashMap$KeyIterator
Event: 94.950 loading class java/util/IdentityHashMap$IdentityHashMapIterator
Event: 94.950 loading class java/util/IdentityHashMap$IdentityHashMapIterator done
Event: 94.950 loading class java/util/IdentityHashMap$KeyIterator done
Event: 94.950 Thread 0x00007fd792b3a800 Thread exited: 0x00007fd792b3a800
Event: 94.951 Thread 0x00007fd79386c000 Thread exited: 0x00007fd79386c000


Dynamic libraries:
0x0000000003ae9000 	/System/Library/Frameworks/Cocoa.framework/Versions/A/Cocoa
0x0000000003ae9000 	/System/Library/Frameworks/Security.framework/Versions/A/Security
0x0000000003ae9000 	/System/Library/Frameworks/ApplicationServices.framework/Versions/A/ApplicationServices
0x0000000003ae9000 	/usr/lib/libz.1.dylib
0x0000000003ae9000 	/usr/lib/libSystem.B.dylib
0x0000000003ae9000 	/usr/lib/libobjc.A.dylib
0x0000000003ae9000 	/System/Library/Frameworks/CoreFoundation.framework/Versions/A/CoreFoundation
0x0000000003ae9000 	/System/Library/Frameworks/Foundation.framework/Versions/C/Foundation
0x0000000003ae9000 	/System/Library/Frameworks/AppKit.framework/Versions/C/AppKit
0x0000000003ae9000 	/System/Library/Frameworks/CoreData.framework/Versions/A/CoreData
0x0000000003ae9000 	/System/Library/PrivateFrameworks/RemoteViewServices.framework/Versions/A/RemoteViewServices
0x0000000003ae9000 	/System/Library/PrivateFrameworks/UIFoundation.framework/Versions/A/UIFoundation
0x0000000003ae9000 	/System/Library/Frameworks/IOSurface.framework/Versions/A/IOSurface
0x0000000003ae9000 	/System/Library/Frameworks/AudioToolbox.framework/Versions/A/AudioToolbox
0x0000000003ae9000 	/System/Library/Frameworks/AudioUnit.framework/Versions/A/AudioUnit
0x0000000003ae9000 	/System/Library/PrivateFrameworks/DataDetectorsCore.framework/Versions/A/DataDetectorsCore
0x0000000003ae9000 	/System/Library/PrivateFrameworks/DesktopServicesPriv.framework/Versions/A/DesktopServicesPriv
0x0000000003ae9000 	/System/Library/Frameworks/Carbon.framework/Versions/A/Frameworks/HIToolbox.framework/Versions/A/HIToolbox
0x0000000003ae9000 	/System/Library/Frameworks/QuartzCore.framework/Versions/A/QuartzCore
0x0000000003ae9000 	/System/Library/Frameworks/Carbon.framework/Versions/A/Frameworks/SpeechRecognition.framework/Versions/A/SpeechRecognition
0x0000000003ae9000 	/usr/lib/libauto.dylib
0x0000000003ae9000 	/usr/lib/libicucore.A.dylib
0x0000000003ae9000 	/usr/lib/libxml2.2.dylib
0x0000000003ae9000 	/System/Library/PrivateFrameworks/CoreUI.framework/Versions/A/CoreUI
0x0000000003ae9000 	/System/Library/Frameworks/CoreAudio.framework/Versions/A/CoreAudio
0x0000000003ae9000 	/System/Library/Frameworks/DiskArbitration.framework/Versions/A/DiskArbitration
0x0000000003ae9000 	/usr/lib/liblangid.dylib
0x0000000003ae9000 	/System/Library/PrivateFrameworks/MultitouchSupport.framework/Versions/A/MultitouchSupport
0x0000000003ae9000 	/System/Library/Frameworks/IOKit.framework/Versions/A/IOKit
0x0000000003ae9000 	/usr/lib/libDiagnosticMessagesClient.dylib
0x0000000003ae9000 	/System/Library/Frameworks/CoreServices.framework/Versions/A/CoreServices
0x0000000003ae9000 	/System/Library/PrivateFrameworks/PerformanceAnalysis.framework/Versions/A/PerformanceAnalysis
0x0000000003ae9000 	/System/Library/PrivateFrameworks/GenerationalStorage.framework/Versions/A/GenerationalStorage
0x0000000003ae9000 	/System/Library/Frameworks/OpenGL.framework/Versions/A/OpenGL
0x0000000003ae9000 	/System/Library/PrivateFrameworks/Sharing.framework/Versions/A/Sharing
0x0000000003ae9000 	/System/Library/Frameworks/CoreGraphics.framework/Versions/A/CoreGraphics
0x0000000003ae9000 	/System/Library/Frameworks/CoreText.framework/Versions/A/CoreText
0x0000000003ae9000 	/System/Library/Frameworks/ImageIO.framework/Versions/A/ImageIO
0x0000000003ae9000 	/usr/lib/libextension.dylib
0x0000000003ae9000 	/System/Library/PrivateFrameworks/Backup.framework/Versions/A/Backup
0x0000000003ae9000 	/usr/lib/libarchive.2.dylib
0x0000000003ae9000 	/System/Library/Frameworks/CFNetwork.framework/Versions/A/CFNetwork
0x0000000003ae9000 	/System/Library/Frameworks/SystemConfiguration.framework/Versions/A/SystemConfiguration
0x0000000003ae9000 	/usr/lib/libCRFSuite.dylib
0x0000000003ae9000 	/usr/lib/libc++.1.dylib
0x0000000003ae9000 	/usr/lib/libc++abi.dylib
0x0000000003ae9000 	/usr/lib/system/libcache.dylib
0x0000000003ae9000 	/usr/lib/system/libcommonCrypto.dylib
0x0000000003ae9000 	/usr/lib/system/libcompiler_rt.dylib
0x0000000003ae9000 	/usr/lib/system/libcopyfile.dylib
0x0000000003ae9000 	/usr/lib/system/libcorecrypto.dylib
0x0000000003ae9000 	/usr/lib/system/libdispatch.dylib
0x0000000003ae9000 	/usr/lib/system/libdyld.dylib
0x0000000003ae9000 	/usr/lib/system/libkeymgr.dylib
0x0000000003ae9000 	/usr/lib/system/liblaunch.dylib
0x0000000003ae9000 	/usr/lib/system/libmacho.dylib
0x0000000003ae9000 	/usr/lib/system/libquarantine.dylib
0x0000000003ae9000 	/usr/lib/system/libremovefile.dylib
0x0000000003ae9000 	/usr/lib/system/libsystem_asl.dylib
0x0000000003ae9000 	/usr/lib/system/libsystem_blocks.dylib
0x0000000003ae9000 	/usr/lib/system/libsystem_c.dylib
0x0000000003ae9000 	/usr/lib/system/libsystem_configuration.dylib
0x0000000003ae9000 	/usr/lib/system/libsystem_coreservices.dylib
0x0000000003ae9000 	/usr/lib/system/libsystem_coretls.dylib
0x0000000003ae9000 	/usr/lib/system/libsystem_dnssd.dylib
0x0000000003ae9000 	/usr/lib/system/libsystem_info.dylib
0x0000000003ae9000 	/usr/lib/system/libsystem_kernel.dylib
0x0000000003ae9000 	/usr/lib/system/libsystem_m.dylib
0x0000000003ae9000 	/usr/lib/system/libsystem_malloc.dylib
0x0000000003ae9000 	/usr/lib/system/libsystem_network.dylib
0x0000000003ae9000 	/usr/lib/system/libsystem_networkextension.dylib
0x0000000003ae9000 	/usr/lib/system/libsystem_notify.dylib
0x0000000003ae9000 	/usr/lib/system/libsystem_platform.dylib
0x0000000003ae9000 	/usr/lib/system/libsystem_pthread.dylib
0x0000000003ae9000 	/usr/lib/system/libsystem_sandbox.dylib
0x0000000003ae9000 	/usr/lib/system/libsystem_secinit.dylib
0x0000000003ae9000 	/usr/lib/system/libsystem_stats.dylib
0x0000000003ae9000 	/usr/lib/system/libsystem_trace.dylib
0x0000000003ae9000 	/usr/lib/system/libunc.dylib
0x0000000003ae9000 	/usr/lib/system/libunwind.dylib
0x0000000003ae9000 	/usr/lib/system/libxpc.dylib
0x0000000003ae9000 	/usr/lib/libbz2.1.0.dylib
0x0000000003ae9000 	/usr/lib/liblzma.5.dylib
0x0000000003ae9000 	/usr/lib/libbsm.0.dylib
0x0000000003ae9000 	/usr/lib/libsqlite3.dylib
0x0000000003ae9000 	/usr/lib/system/libkxld.dylib
0x0000000003ae9000 	/usr/lib/libxar.1.dylib
0x0000000003ae9000 	/usr/lib/libpam.2.dylib
0x0000000003ae9000 	/usr/lib/libOpenScriptingUtil.dylib
0x0000000003ae9000 	/System/Library/Frameworks/CoreServices.framework/Versions/A/Frameworks/FSEvents.framework/Versions/A/FSEvents
0x0000000003ae9000 	/System/Library/Frameworks/CoreServices.framework/Versions/A/Frameworks/CarbonCore.framework/Versions/A/CarbonCore
0x0000000003ae9000 	/System/Library/Frameworks/CoreServices.framework/Versions/A/Frameworks/Metadata.framework/Versions/A/Metadata
0x0000000003ae9000 	/System/Library/Frameworks/CoreServices.framework/Versions/A/Frameworks/OSServices.framework/Versions/A/OSServices
0x0000000003ae9000 	/System/Library/Frameworks/CoreServices.framework/Versions/A/Frameworks/SearchKit.framework/Versions/A/SearchKit
0x0000000003ae9000 	/System/Library/Frameworks/CoreServices.framework/Versions/A/Frameworks/AE.framework/Versions/A/AE
0x0000000003ae9000 	/System/Library/Frameworks/CoreServices.framework/Versions/A/Frameworks/LaunchServices.framework/Versions/A/LaunchServices
0x0000000003ae9000 	/System/Library/Frameworks/CoreServices.framework/Versions/A/Frameworks/DictionaryServices.framework/Versions/A/DictionaryServices
0x0000000003ae9000 	/System/Library/Frameworks/NetFS.framework/Versions/A/NetFS
0x0000000003ae9000 	/System/Library/PrivateFrameworks/NetAuth.framework/Versions/A/NetAuth
0x0000000003ae9000 	/System/Library/PrivateFrameworks/login.framework/Versions/A/Frameworks/loginsupport.framework/Versions/A/loginsupport
0x0000000003ae9000 	/System/Library/PrivateFrameworks/TCC.framework/Versions/A/TCC
0x0000000003ae9000 	/usr/lib/libmecabra.dylib
0x0000000003ae9000 	/System/Library/PrivateFrameworks/LanguageModeling.framework/Versions/A/LanguageModeling
0x0000000003ae9000 	/usr/lib/libcmph.dylib
0x0000000003ae9000 	/usr/lib/libiconv.2.dylib
0x0000000003ae9000 	/System/Library/Frameworks/OpenDirectory.framework/Versions/A/Frameworks/CFOpenDirectory.framework/Versions/A/CFOpenDirectory
0x0000000003ae9000 	/System/Library/Frameworks/ServiceManagement.framework/Versions/A/ServiceManagement
0x0000000003ae9000 	/usr/lib/libxslt.1.dylib
0x0000000003ae9000 	/System/Library/Frameworks/Carbon.framework/Versions/A/Frameworks/Ink.framework/Versions/A/Ink
0x0000000003ae9000 	/System/Library/Frameworks/ApplicationServices.framework/Versions/A/Frameworks/ATS.framework/Versions/A/ATS
0x0000000003ae9000 	/System/Library/Frameworks/ApplicationServices.framework/Versions/A/Frameworks/ColorSync.framework/Versions/A/ColorSync
0x0000000003ae9000 	/System/Library/Frameworks/ApplicationServices.framework/Versions/A/Frameworks/HIServices.framework/Versions/A/HIServices
0x0000000003ae9000 	/System/Library/Frameworks/ApplicationServices.framework/Versions/A/Frameworks/LangAnalysis.framework/Versions/A/LangAnalysis
0x0000000003ae9000 	/System/Library/Frameworks/ApplicationServices.framework/Versions/A/Frameworks/PrintCore.framework/Versions/A/PrintCore
0x0000000003ae9000 	/System/Library/Frameworks/ApplicationServices.framework/Versions/A/Frameworks/QD.framework/Versions/A/QD
0x0000000003ae9000 	/System/Library/Frameworks/ApplicationServices.framework/Versions/A/Frameworks/SpeechSynthesis.framework/Versions/A/SpeechSynthesis
0x0000000003ae9000 	/System/Library/Frameworks/Accelerate.framework/Versions/A/Accelerate
0x0000000003ae9000 	/System/Library/Frameworks/Accelerate.framework/Versions/A/Frameworks/vImage.framework/Versions/A/vImage
0x0000000003ae9000 	/System/Library/Frameworks/Accelerate.framework/Versions/A/Frameworks/vecLib.framework/Versions/A/vecLib
0x0000000003ae9000 	/System/Library/Frameworks/Accelerate.framework/Versions/A/Frameworks/vecLib.framework/Versions/A/libvDSP.dylib
0x0000000003ae9000 	/System/Library/Frameworks/Accelerate.framework/Versions/A/Frameworks/vecLib.framework/Versions/A/libvMisc.dylib
0x0000000003ae9000 	/System/Library/Frameworks/Accelerate.framework/Versions/A/Frameworks/vecLib.framework/Versions/A/libLAPACK.dylib
0x0000000003ae9000 	/System/Library/Frameworks/Accelerate.framework/Versions/A/Frameworks/vecLib.framework/Versions/A/libBLAS.dylib
0x0000000003ae9000 	/System/Library/Frameworks/Accelerate.framework/Versions/A/Frameworks/vecLib.framework/Versions/A/libLinearAlgebra.dylib
0x0000000003ae9000 	/System/Library/Frameworks/ApplicationServices.framework/Versions/A/Frameworks/ATS.framework/Versions/A/Resources/libFontParser.dylib
0x0000000003ae9000 	/System/Library/Frameworks/ApplicationServices.framework/Versions/A/Frameworks/ATS.framework/Versions/A/Resources/libFontRegistry.dylib
0x0000000003ae9000 	/System/Library/PrivateFrameworks/AppleVPA.framework/Versions/A/AppleVPA
0x0000000003ae9000 	/System/Library/PrivateFrameworks/AppleJPEG.framework/Versions/A/AppleJPEG
0x0000000003ae9000 	/System/Library/Frameworks/ImageIO.framework/Versions/A/Resources/libJPEG.dylib
0x0000000003ae9000 	/System/Library/Frameworks/ImageIO.framework/Versions/A/Resources/libTIFF.dylib
0x0000000003ae9000 	/System/Library/Frameworks/ImageIO.framework/Versions/A/Resources/libPng.dylib
0x0000000003ae9000 	/System/Library/Frameworks/ImageIO.framework/Versions/A/Resources/libGIF.dylib
0x0000000003ae9000 	/System/Library/Frameworks/ImageIO.framework/Versions/A/Resources/libJP2.dylib
0x0000000003ae9000 	/System/Library/Frameworks/ImageIO.framework/Versions/A/Resources/libRadiance.dylib
0x0000000003ae9000 	/System/Library/Frameworks/CoreVideo.framework/Versions/A/CoreVideo
0x0000000003ae9000 	/System/Library/Frameworks/OpenGL.framework/Versions/A/Libraries/libGLU.dylib
0x0000000003ae9000 	/System/Library/Frameworks/OpenGL.framework/Versions/A/Libraries/libGFXShared.dylib
0x0000000003ae9000 	/System/Library/Frameworks/OpenGL.framework/Versions/A/Libraries/libGL.dylib
0x0000000003ae9000 	/System/Library/Frameworks/OpenGL.framework/Versions/A/Libraries/libGLImage.dylib
0x0000000003ae9000 	/System/Library/Frameworks/OpenGL.framework/Versions/A/Libraries/libCVMSPluginSupport.dylib
0x0000000003ae9000 	/System/Library/Frameworks/OpenGL.framework/Versions/A/Libraries/libCoreVMClient.dylib
0x0000000003ae9000 	/usr/lib/libcups.2.dylib
0x0000000003ae9000 	/System/Library/Frameworks/Kerberos.framework/Versions/A/Kerberos
0x0000000003ae9000 	/System/Library/Frameworks/GSS.framework/Versions/A/GSS
0x0000000003ae9000 	/usr/lib/libresolv.9.dylib
0x0000000003ae9000 	/System/Library/PrivateFrameworks/Heimdal.framework/Versions/A/Heimdal
0x0000000003ae9000 	/usr/lib/libheimdal-asn1.dylib
0x0000000003ae9000 	/System/Library/Frameworks/OpenDirectory.framework/Versions/A/OpenDirectory
0x0000000003ae9000 	/System/Library/PrivateFrameworks/CommonAuth.framework/Versions/A/CommonAuth
0x0000000003ae9000 	/System/Library/Frameworks/SecurityFoundation.framework/Versions/A/SecurityFoundation
0x0000000003ae9000 	/System/Library/Frameworks/QuartzCore.framework/Versions/A/Frameworks/CoreImage.framework/Versions/A/CoreImage
0x0000000003ae9000 	/System/Library/PrivateFrameworks/CrashReporterSupport.framework/Versions/A/CrashReporterSupport
0x0000000003ae9000 	/System/Library/Frameworks/OpenCL.framework/Versions/A/OpenCL
0x0000000003ae9000 	/System/Library/PrivateFrameworks/FaceCore.framework/Versions/A/FaceCore
0x0000000003ae9000 	/System/Library/PrivateFrameworks/Ubiquity.framework/Versions/A/Ubiquity
0x0000000003ae9000 	/System/Library/PrivateFrameworks/IconServices.framework/Versions/A/IconServices
0x0000000003ae9000 	/System/Library/PrivateFrameworks/ChunkingLibrary.framework/Versions/A/ChunkingLibrary
0x0000000003ae9000 	/System/Library/PrivateFrameworks/Apple80211.framework/Versions/A/Apple80211
0x0000000003ae9000 	/System/Library/Frameworks/CoreWLAN.framework/Versions/A/CoreWLAN
0x0000000003ae9000 	/System/Library/Frameworks/IOBluetooth.framework/Versions/A/IOBluetooth
0x0000000003ae9000 	/System/Library/PrivateFrameworks/CoreWiFi.framework/Versions/A/CoreWiFi
0x0000000003ae9000 	/System/Library/Frameworks/CoreBluetooth.framework/Versions/A/CoreBluetooth
0x0000000003ae9000 	/System/Library/PrivateFrameworks/DebugSymbols.framework/Versions/A/DebugSymbols
0x0000000003ae9000 	/System/Library/PrivateFrameworks/CoreSymbolication.framework/Versions/A/CoreSymbolication
0x0000000003ae9000 	/System/Library/PrivateFrameworks/Symbolication.framework/Versions/A/Symbolication
0x0000000003ae9000 	/System/Library/PrivateFrameworks/SpeechRecognitionCore.framework/Versions/A/SpeechRecognitionCore
0x0000000102ac0000 	/Library/Java/JavaVirtualMachines/jdk1.8.0_20.jdk/Contents/Home/jre/lib/server/libjvm.dylib
0x0000000003ae9000 	/usr/lib/libstdc++.6.dylib
0x00000001039f2000 	/Library/Java/JavaVirtualMachines/jdk1.8.0_20.jdk/Contents/Home/jre/lib/libverify.dylib
0x0000000104303000 	/Library/Java/JavaVirtualMachines/jdk1.8.0_20.jdk/Contents/Home/jre/lib/libjava.dylib
0x0000000104341000 	/Library/Java/JavaVirtualMachines/jdk1.8.0_20.jdk/Contents/Home/jre/lib/libzip.dylib
0x00000001da598000 	/System/Library/Frameworks/JavaVM.framework/Frameworks/JavaRuntimeSupport.framework/JavaRuntimeSupport
0x00000001da5ae000 	/System/Library/Frameworks/JavaVM.framework/Versions/A/Frameworks/JavaNativeFoundation.framework/Versions/A/JavaNativeFoundation
0x00000001da5c2000 	/System/Library/Frameworks/JavaVM.framework/Versions/A/JavaVM
0x0000000003ae9000 	/System/Library/Frameworks/Carbon.framework/Versions/A/Carbon
0x00000001da5ce000 	/System/Library/PrivateFrameworks/JavaLaunching.framework/Versions/A/JavaLaunching
0x0000000003ae9000 	/System/Library/Frameworks/Carbon.framework/Versions/A/Frameworks/CommonPanels.framework/Versions/A/CommonPanels
0x0000000003ae9000 	/System/Library/Frameworks/Carbon.framework/Versions/A/Frameworks/Help.framework/Versions/A/Help
0x0000000003ae9000 	/System/Library/Frameworks/Carbon.framework/Versions/A/Frameworks/ImageCapture.framework/Versions/A/ImageCapture
0x0000000003ae9000 	/System/Library/Frameworks/Carbon.framework/Versions/A/Frameworks/OpenScripting.framework/Versions/A/OpenScripting
0x0000000003ae9000 	/System/Library/Frameworks/Carbon.framework/Versions/A/Frameworks/Print.framework/Versions/A/Print
0x0000000003ae9000 	/System/Library/Frameworks/Carbon.framework/Versions/A/Frameworks/SecurityHI.framework/Versions/A/SecurityHI
0x00000001dc57d000 	/Library/Java/JavaVirtualMachines/jdk1.8.0_20.jdk/Contents/Home/jre/lib/libprism_es2.dylib
0x0000000003ae9000 	/System/Library/Frameworks/OpenGL.framework/Versions/A/Resources/GLEngine.bundle/GLEngine
0x0000000003ae9000 	/System/Library/Frameworks/OpenGL.framework/Versions/A/Libraries/libGLProgrammability.dylib
0x0000000000000000 	/System/Library/Extensions/AppleIntelHD5000GraphicsGLDriver.bundle/Contents/MacOS/AppleIntelHD5000GraphicsGLDriver
0x0000000003ae9000 	/System/Library/PrivateFrameworks/IOAccelerator.framework/Versions/A/IOAccelerator
0x0000000003ae9000 	/System/Library/PrivateFrameworks/GPUSupport.framework/Versions/A/Libraries/libGPUSupportMercury.dylib
0x0000000003ae9000 	/System/Library/Frameworks/OpenGL.framework/Versions/A/Resources/GLRendererFloat.bundle/GLRendererFloat
0x0000000003ae9000 	/System/Library/Frameworks/OpenCL.framework/Versions/A/Libraries/libcldcpuengine.dylib
0x0000000003ae9000 	/System/Library/PrivateFrameworks/DiskImages.framework/Versions/A/DiskImages
0x0000000003ae9000 	/System/Library/Frameworks/DiscRecording.framework/Versions/A/DiscRecording
0x0000000003ae9000 	/usr/lib/libcsfde.dylib
0x0000000003ae9000 	/usr/lib/libcurl.4.dylib
0x0000000003ae9000 	/System/Library/PrivateFrameworks/MediaKit.framework/Versions/A/MediaKit
0x0000000003ae9000 	/System/Library/PrivateFrameworks/ProtectedCloudStorage.framework/Versions/A/ProtectedCloudStorage
0x0000000003ae9000 	/usr/lib/libCoreStorage.dylib
0x0000000003ae9000 	/System/Library/PrivateFrameworks/EFILogin.framework/Versions/A/EFILogin
0x0000000003ae9000 	/usr/lib/libutil.dylib
0x0000000003ae9000 	/System/Library/PrivateFrameworks/FindMyDevice.framework/Versions/A/FindMyDevice
0x0000000003ae9000 	/System/Library/Frameworks/LDAP.framework/Versions/A/LDAP
0x0000000003ae9000 	/usr/lib/libsasl2.2.dylib
0x0000000003ae9000 	/System/Library/PrivateFrameworks/CoreDaemon.framework/Versions/B/CoreDaemon
0x0000000003ae9000 	/usr/lib/libcrypto.0.9.8.dylib
0x0000000003ae9000 	/System/Library/PrivateFrameworks/AppleSRP.framework/Versions/A/AppleSRP
0x0000000003ae9000 	/System/Library/PrivateFrameworks/TrustEvaluationAgent.framework/Versions/A/TrustEvaluationAgent
0x00000001dca2a000 	/Library/Java/JavaVirtualMachines/jdk1.8.0_20.jdk/Contents/Home/jre/lib/libglass.dylib
0x0000000003ae9000 	/System/Library/PrivateFrameworks/CoreServicesInternal.framework/Versions/A/CoreServicesInternal
0x0000000003ae9000 	/System/Library/PrivateFrameworks/CloudDocs.framework/Versions/A/CloudDocs
0x0000000003ae9000 	/System/Library/PrivateFrameworks/CoreDuet.framework/Versions/A/CoreDuet
0x0000000003ae9000 	/System/Library/Frameworks/CloudKit.framework/Versions/A/CloudKit
0x0000000003ae9000 	/System/Library/PrivateFrameworks/ProtocolBuffer.framework/Versions/A/ProtocolBuffer
0x0000000003ae9000 	/System/Library/PrivateFrameworks/CoreDuetDaemonProtocol.framework/Versions/A/CoreDuetDaemonProtocol
0x0000000003ae9000 	/System/Library/PrivateFrameworks/CoreDuetDebugLogging.framework/Versions/A/CoreDuetDebugLogging
0x0000000003ae9000 	/System/Library/Frameworks/CoreLocation.framework/Versions/A/CoreLocation
0x0000000003ae9000 	/System/Library/Frameworks/Accounts.framework/Versions/A/Accounts
0x0000000003ae9000 	/System/Library/PrivateFrameworks/ApplePushService.framework/Versions/A/ApplePushService
0x0000000003ae9000 	/System/Library/PrivateFrameworks/GeoServices.framework/Versions/A/GeoServices
0x0000000003ae9000 	/System/Library/PrivateFrameworks/OAuth.framework/Versions/A/OAuth
0x0000000003ae9000 	/System/Library/Frameworks/CoreGraphics.framework/Versions/A/Resources/libCGCMS.A.dylib
0x0000000003ae9000 	/System/Library/CoreServices/RawCamera.bundle/Contents/MacOS/RawCamera
0x0000000003ae9000 	/System/Library/Frameworks/CoreGraphics.framework/Versions/A/Resources/libRIP.A.dylib
0x0000000003ae9000 	/System/Library/PrivateFrameworks/FamilyControls.framework/Versions/A/FamilyControls
0x0000000003ae9000 	/System/Library/PrivateFrameworks/CommerceKit.framework/Versions/A/Frameworks/CommerceCore.framework/Versions/A/CommerceCore
0x0000000003ae9000 	/System/Library/PrivateFrameworks/SystemAdministration.framework/Versions/A/SystemAdministration
0x0000000003ae9000 	/System/Library/PrivateFrameworks/AppContainer.framework/Versions/A/AppContainer
0x0000000003ae9000 	/System/Library/PrivateFrameworks/SecCodeWrapper.framework/Versions/A/SecCodeWrapper
0x0000000003ae9000 	/System/Library/Frameworks/DirectoryService.framework/Versions/A/DirectoryService
0x0000000003ae9000 	/System/Library/PrivateFrameworks/LoginUIKit.framework/Versions/A/Frameworks/LoginUICore.framework/Versions/A/LoginUICore
0x0000000003ae9000 	/usr/lib/libodfde.dylib
0x00000001e0357000 	/Library/Java/JavaVirtualMachines/jdk1.8.0_20.jdk/Contents/Home/jre/lib/libjavafx_font.dylib
0x0000000003ae9000 	/System/Library/Frameworks/CoreGraphics.framework/Versions/A/Resources/libCGXType.A.dylib
0x00000001e096f000 	/Library/Java/JavaVirtualMachines/jdk1.8.0_20.jdk/Contents/Home/jre/lib/libjavafx_iio.dylib
0x00000001e05cd000 	cl_kernels
0x00000001e4710000 	/System/Library/Frameworks/OpenCL.framework/Versions/A/Libraries/ImageFormats/unorm8_bgra.dylib
0x00000001e05e6000 	cl_kernels
0x00000001e05d9000 	/Library/Java/JavaVirtualMachines/jdk1.8.0_20.jdk/Contents/Home/jre/lib/libprism_common.dylib

VM Arguments:
jvm_args: -Dfile.encoding=UTF-8 
java_command: /Users/chaojiewang/Desktop/Fall 2014/cse219/HW2/JourneyThroughEurope/dist/run269396212/JourneyThroughEurope.jar
java_class_path (initial): /Users/chaojiewang/Desktop/Fall 2014/cse219/HW2/JourneyThroughEurope/dist/run269396212/JourneyThroughEurope.jar
Launcher Type: SUN_STANDARD

Environment Variables:
PATH=/usr/bin:/bin:/usr/sbin:/sbin
LD_LIBRARY_PATH=/Library/Java/JavaVirtualMachines/jdk1.8.0_20.jdk/Contents/Home/jre/lib/amd64:/Library/Java/JavaVirtualMachines/jdk1.8.0_20.jdk/Contents/Home/jre/lib/i386:
SHELL=/bin/zsh
DYLD_LIBRARY_PATH=/Applications/NetBeans/NetBeans 8.0.app/Contents/Resources/NetBeans/webcommon/bin:

Signal Handlers:
SIGSEGV: [libjvm.dylib+0x578fd7], sa_mask[0]=11111111011111110111111111111111, sa_flags=SA_ONSTACK|SA_RESTART|SA_SIGINFO
SIGBUS: [libjvm.dylib+0x578fd7], sa_mask[0]=11111111011111110111111111111111, sa_flags=SA_RESTART|SA_SIGINFO
SIGFPE: [libjvm.dylib+0x45ab0c], sa_mask[0]=11111111011111110111111111111111, sa_flags=SA_RESTART|SA_SIGINFO
SIGPIPE: [libjvm.dylib+0x45ab0c], sa_mask[0]=11111111011111110111111111111111, sa_flags=SA_RESTART|SA_SIGINFO
SIGXFSZ: [libjvm.dylib+0x45ab0c], sa_mask[0]=11111111011111110111111111111111, sa_flags=SA_RESTART|SA_SIGINFO
SIGILL: [libjvm.dylib+0x45ab0c], sa_mask[0]=11111111011111110111111111111111, sa_flags=SA_RESTART|SA_SIGINFO
SIGUSR1: SIG_DFL, sa_mask[0]=00000000000000000000000000000000, sa_flags=none
SIGUSR2: [libjvm.dylib+0x45a62a], sa_mask[0]=00100000000000000000000000000000, sa_flags=SA_RESTART|SA_SIGINFO
SIGHUP: [libjvm.dylib+0x458bfd], sa_mask[0]=11111111011111110111111111111111, sa_flags=SA_RESTART|SA_SIGINFO
SIGINT: SIG_IGN, sa_mask[0]=00000000000000000000000000000000, sa_flags=none
SIGTERM: [libjvm.dylib+0x458bfd], sa_mask[0]=11111111011111110111111111111111, sa_flags=SA_RESTART|SA_SIGINFO
SIGQUIT: [libjvm.dylib+0x458bfd], sa_mask[0]=11111111011111110111111111111111, sa_flags=SA_RESTART|SA_SIGINFO


---------------  S Y S T E M  ---------------

OS:Bsduname:Darwin 14.0.0 Darwin Kernel Version 14.0.0: Fri Sep 19 00:26:44 PDT 2014; root:xnu-2782.1.97~2/RELEASE_X86_64 x86_64
rlimit: STACK 8192k, CORE 0k, NPROC 709, NOFILE 10240, AS infinity
load average:2.38 1.96 1.77

CPU:total 4 (2 cores per cpu, 2 threads per core) family 6 model 69 stepping 1, cmov, cx8, fxsr, mmx, sse, sse2, sse3, ssse3, sse4.1, sse4.2, popcnt, avx, avx2, aes, clmul, erms, lzcnt, ht, tsc, tscinvbit, bmi1, bmi2

Memory: 4k page, physical 8388608k(417840k free)

/proc/meminfo:


vm_info: Java HotSpot(TM) 64-Bit Server VM (25.20-b23) for bsd-amd64 JRE (1.8.0_20-b26), built on Jul 30 2014 13:37:47 by "java_re" with gcc 4.2.1 (Based on Apple Inc. build 5658) (LLVM build 2336.9.00)

time: Sun Nov  9 21:36:10 2014
elapsed time: 95 seconds (0d 0h 1m 35s)

