#
# A fatal error has been detected by the Java Runtime Environment:
#
#  SIGSEGV (0xb) at pc=0x0000000123afd3fd, pid=8074, tid=1811
#
# JRE version: Java(TM) SE Runtime Environment (8.0_20-b26) (build 1.8.0_20-b26)
# Java VM: Java HotSpot(TM) 64-Bit Server VM (25.20-b23 mixed mode bsd-amd64 compressed oops)
# Problematic frame:
# C  [libglass.dylib+0x163fd]  GlassScreenDidChangeScreenParameters+0x9d
#
# Failed to write core dump. Core dumps have been disabled. To enable core dumping, try "ulimit -c unlimited" before starting Java again
#
# If you would like to submit a bug report, please visit:
#   http://bugreport.sun.com/bugreport/crash.jsp
#

---------------  T H R E A D  ---------------

Current thread is native thread

siginfo: si_signo: 11 (SIGSEGV), si_code: 1 (SEGV_MAPERR), si_addr: 0x0000000000000000

Registers:
RAX=0x0000000123b2fe40, RBX=0x0000000000000000, RCX=0x0a0075967f25a716, RDX=0x00007ff7d079c100
RSP=0x00007fff55faef40, RBP=0x00007fff55faef50, RSI=0x00007ff7d041f3a8, RDI=0x0000000000000000
R8 =0x00007fff55faedf0, R9 =0x00007fff72dc1300, R10=0x0000000000000000, R11=0x0000000000000246
R12=0x00007ff7d05077e0, R13=0x00000000000f4268, R14=0x00007ff7d073e180, R15=0x00007fff55faf090
RIP=0x0000000123afd3fd, EFLAGS=0x0000000000010206, ERR=0x0000000000000004
  TRAPNO=0x000000000000000e

Top of Stack: (sp=0x00007fff55faef40)
0x00007fff55faef40:   00007fff55faf120 00007ff7d073e180
0x00007fff55faef50:   00007fff55faef60 00007fff8dd17cbc
0x00007fff55faef60:   00007fff55faf2c0 00007fff8dc091b4
0x00007fff55faef70:   00007ff7d0ae8800 0000000000000a00
0x00007fff55faef80:   0000000109c68000 00007ff7d04fc080
0x00007fff55faef90:   0000000000001001 0000000000000ba0
0x00007fff55faefa0:   0000000000000004 00007ff7d073e180
0x00007fff55faefb0:   0000000000000000 00007fff55faf090
0x00007fff55faefc0:   0000000000000000 00007ff7d073e140
0x00007fff55faefd0:   00007fff55faf110 000000000000007c
0x00007fff55faefe0:   00000000000f4357 00007ff7d0658cc0
0x00007fff55faeff0:   00007ff7d0635b60 00007ff7d05077e0
0x00007fff55faf000:   0000000000000001 00000000000f4268
0x00007fff55faf010:   00007ff7d05077d0 00007fff89b45acb
0x00007fff55faf020:   0000000000000001 0000000000000001
0x00007fff55faf030:   0000000000000030 0000000000000001
0x00007fff55faf040:   00007fff55faf060 00007fff89b4b231
0x00007fff55faf050:   00007fff7352add0 0000000000000000
0x00007fff55faf060:   00007fff55faf080 0000000000000005
0x00007fff55faf070:   0005d50300000000 00007ff7d0507804
0x00007fff55faf080:   0000000000000000 00007fff8dbfec8f
0x00007fff55faf090:   00007ff7d073e180 00007fff7352add0
0x00007fff55faf0a0:   00007fff55faf120 00007fff8dc077bf
0x00007fff55faf0b0:   00007fff55faf124 00000000004e8501
0x00007fff55faf0c0:   0000000109c6ba00 0000000000000002
0x00007fff55faf0d0:   0000000109c68000 00007ff7d06361a2
0x00007fff55faf0e0:   0000000000000003 0000000109c6c400
0x00007fff55faf0f0:   00007fff55faf1e0 00007fff89b442a2
0x00007fff55faf100:   00007ff7d05265c0 00007fff55faf2c8
0x00007fff55faf110:   0000000000000017 0000000000000000
0x00007fff55faf120:   00000000000f4268 00007fff8dbfef83
0x00007fff55faf130:   00007fff00000000 00007ff7d0725180 

Instructions: (pc=0x0000000123afd3fd)
0x0000000123afd3dd:   89 df 4c 89 f1 41 ff 90 68 04 00 00 48 8d 05 58
0x0000000123afd3ed:   29 03 00 48 8b 30 48 8d 05 46 2a 03 00 48 8b 10
0x0000000123afd3fd:   48 8b 0b 30 c0 48 89 df ff 91 68 04 00 00 48 8b
0x0000000123afd40d:   03 48 89 df ff 50 78 48 85 c0 74 36 49 89 c6 48 

Register to memory mapping:

RAX=0x0000000123b2fe40: jScreenNotifySettingsChanged+0 in /Library/Java/JavaVirtualMachines/jdk1.8.0_20.jdk/Contents/Home/jre/lib/libglass.dylib at 0x0000000123ae7000
RBX=0x0000000000000000 is an unknown value
RCX=0x0a0075967f25a716 is an unknown value
RDX=0x00007ff7d079c100 is an unknown value
RSP=0x00007fff55faef40 is an unknown value
RBP=0x00007fff55faef50 is an unknown value
RSI=0x00007ff7d041f3a8 is a global jni handle
RDI=0x0000000000000000 is an unknown value
R8 =0x00007fff55faedf0 is an unknown value
R9 =0x00007fff72dc1300: _thread+0 in /usr/lib/system/libsystem_pthread.dylib at 0x00007fff8a480000
R10=0x0000000000000000 is an unknown value
R11=0x0000000000000246 is an unknown value
R12=0x00007ff7d05077e0 is an unknown value
R13=0x00000000000f4268 is an unknown value
R14=0x00007ff7d073e180 is an unknown value
R15=0x00007fff55faf090 is an unknown value


Stack: [0x00007fff557b2000,0x00007fff55fb2000],  sp=0x00007fff55faef40,  free space=8179k
Native frames: (J=compiled Java code, j=interpreted, Vv=VM code, C=native code)
C  [libglass.dylib+0x163fd]  GlassScreenDidChangeScreenParameters+0x9d
C  [CoreFoundation+0x11ecbc]  __CFNOTIFICATIONCENTER_IS_CALLING_OUT_TO_AN_OBSERVER__+0xc
C  [CoreFoundation+0x101b4]  _CFXNotificationPost+0xc44
C  [Foundation+0x2ea1]  -[NSNotificationCenter postNotificationName:object:userInfo:]+0x42
C  [AppKit+0x362f3e]  -[NSApplication _reactToScreenInvalidationImmediately:]+0x17b
C  [AppKit+0x362d7d]  __44-[NSApplication _reactToScreenInvalidation:]_block_invoke+0x4b
C  [CoreFoundation+0x8054c]  __CFRUNLOOP_IS_CALLING_OUT_TO_A_BLOCK__+0xc
C  [CoreFoundation+0x72655]  __CFRunLoopDoBlocks+0x155
C  [CoreFoundation+0x72196]  __CFRunLoopRun+0x716
C  [CoreFoundation+0x71838]  CFRunLoopRunSpecific+0x128
C  [java+0x56cc]  CreateExecutionEnvironment+0x367
C  [java+0x165c]  JLI_Launch+0x7a0
C  [java+0x768a]  main+0x65
C  [java+0xeb4]  start+0x34


---------------  P R O C E S S  ---------------

VM state:at safepoint (normal execution)

VM Mutex/Monitor currently owned by a thread:  ([mutex/lock_event])
[0x00007ff7d0601260] Threads_lock - owner thread: 0x00007ff7d0813000
[0x00007ff7d0601760] Heap_lock - owner thread: 0x00007ff7d20c5000

Heap:
 PSYoungGen      total 149504K, used 70749K [0x0000000795580000, 0x00000007a3100000, 0x00000007c0000000)
  eden space 99328K, 20% used [0x0000000795580000,0x00000007969d7af0,0x000000079b680000)
  from space 50176K, 99% used [0x00000007a0000000,0x00000007a30bfc68,0x00000007a3100000)
  to   space 61952K, 0% used [0x000000079b800000,0x000000079b800000,0x000000079f480000)
 ParOldGen       total 271872K, used 162593K [0x0000000740000000, 0x0000000750980000, 0x0000000795580000)
  object space 271872K, 59% used [0x0000000740000000,0x0000000749ec86b0,0x0000000750980000)
 Metaspace       used 19826K, capacity 20696K, committed 20992K, reserved 1067008K
  class space    used 2800K, capacity 2997K, committed 3072K, reserved 1048576K

Card table byte_map: [0x000000011a9c9000,0x000000011adca000] byte_map_base: 0x0000000116fc9000

Marking Bits: (ParMarkBitMap*) 0x000000010a61a330
 Begin Bits: [0x000000011b481000, 0x000000011d481000)
 End Bits:   [0x000000011d481000, 0x000000011f481000)

Polling page: 0x000000010adde000

CodeCache: size=245760Kb used=7986Kb max_used=8408Kb free=237774Kb
 bounds [0x000000010b609000, 0x000000010be59000, 0x000000011a609000]
 total_blobs=3312 nmethods=2613 adapters=613
 compilation: enabled

Compilation events (10 events):
Event: 85.314 Thread 0x00007ff7d084b800 2785       3       sun.misc.Unsafe::getAndAddInt (27 bytes)
Event: 85.314 Thread 0x00007ff7d084b800 nmethod 2785 0x000000010b73b510 code [0x000000010b73b680, 0x000000010b73b890]
Event: 85.315 Thread 0x00007ff7d084b800 2792       3       com.sun.scenario.effect.impl.state.BoxRenderState::getInputKernelSize (65 bytes)
Event: 85.317 Thread 0x00007ff7d084b800 nmethod 2792 0x000000010b8fabd0 code [0x000000010b8fada0, 0x000000010b8fb1c8]
Event: 85.318 Thread 0x00007ff7d084b800 2790       1       com.sun.prism.impl.BaseTexture::getLastImageSerial (5 bytes)
Event: 85.319 Thread 0x00007ff7d084b800 nmethod 2790 0x000000010b787790 code [0x000000010b7878e0, 0x000000010b7879f0]
Event: 85.873 Thread 0x00007ff7d084b800 2793       3       javafx.scene.Scene::getFocusOwner (11 bytes)
Event: 85.874 Thread 0x00007ff7d084b800 nmethod 2793 0x000000010b721990 code [0x000000010b721b20, 0x000000010b721f68]
Event: 85.876 Thread 0x00007ff7d084b800 2794       3       java.lang.invoke.LambdaForm::normalize (281 bytes)
Event: 85.878 Thread 0x00007ff7d084b800 nmethod 2794 0x000000010b725850 code [0x000000010b725ac0, 0x000000010b726f98]

GC Heap History (10 events):
Event: 14.722 GC heap before
{Heap before GC invocations=4 (full 0):
 PSYoungGen      total 38400K, used 37748K [0x0000000795580000, 0x000000079a080000, 0x00000007c0000000)
  eden space 33280K, 98% used [0x0000000795580000,0x000000079755ed30,0x0000000797600000)
  from space 5120K, 99% used [0x0000000797600000,0x0000000797afe690,0x0000000797b00000)
  to   space 5120K, 0% used [0x0000000799b80000,0x0000000799b80000,0x000000079a080000)
 ParOldGen       total 87552K, used 48897K [0x0000000740000000, 0x0000000745580000, 0x0000000795580000)
  object space 87552K, 55% used [0x0000000740000000,0x0000000742fc0540,0x0000000745580000)
 Metaspace       used 19530K, capacity 20392K, committed 20736K, reserved 1067008K
  class space    used 2780K, capacity 2985K, committed 3072K, reserved 1048576K
Event: 14.768 GC heap after
Heap after GC invocations=4 (full 0):
 PSYoungGen      total 71680K, used 5097K [0x0000000795580000, 0x000000079a080000, 0x00000007c0000000)
  eden space 66560K, 0% used [0x0000000795580000,0x0000000795580000,0x0000000799680000)
  from space 5120K, 99% used [0x0000000799b80000,0x000000079a07a680,0x000000079a080000)
  to   space 5120K, 0% used [0x0000000799680000,0x0000000799680000,0x0000000799b80000)
 ParOldGen       total 87552K, used 80327K [0x0000000740000000, 0x0000000745580000, 0x0000000795580000)
  object space 87552K, 91% used [0x0000000740000000,0x0000000744e71c68,0x0000000745580000)
 Metaspace       used 19530K, capacity 20392K, committed 20736K, reserved 1067008K
  class space    used 2780K, capacity 2985K, committed 3072K, reserved 1048576K
}
Event: 14.768 GC heap before
{Heap before GC invocations=5 (full 1):
 PSYoungGen      total 71680K, used 5097K [0x0000000795580000, 0x000000079a080000, 0x00000007c0000000)
  eden space 66560K, 0% used [0x0000000795580000,0x0000000795580000,0x0000000799680000)
  from space 5120K, 99% used [0x0000000799b80000,0x000000079a07a680,0x000000079a080000)
  to   space 5120K, 0% used [0x0000000799680000,0x0000000799680000,0x0000000799b80000)
 ParOldGen       total 87552K, used 80327K [0x0000000740000000, 0x0000000745580000, 0x0000000795580000)
  object space 87552K, 91% used [0x0000000740000000,0x0000000744e71c68,0x0000000745580000)
 Metaspace       used 19530K, capacity 20392K, committed 20736K, reserved 1067008K
  class space    used 2780K, capacity 2985K, committed 3072K, reserved 1048576K
Event: 14.878 GC heap after
Heap after GC invocations=5 (full 1):
 PSYoungGen      total 71680K, used 0K [0x0000000795580000, 0x000000079a080000, 0x00000007c0000000)
  eden space 66560K, 0% used [0x0000000795580000,0x0000000795580000,0x0000000799680000)
  from space 5120K, 0% used [0x0000000799b80000,0x0000000799b80000,0x000000079a080000)
  to   space 5120K, 0% used [0x0000000799680000,0x0000000799680000,0x0000000799b80000)
 ParOldGen       total 166912K, used 84624K [0x0000000740000000, 0x000000074a300000, 0x0000000795580000)
  object space 166912K, 50% used [0x0000000740000000,0x00000007452a4120,0x000000074a300000)
 Metaspace       used 19529K, capacity 20390K, committed 20736K, reserved 1067008K
  class space    used 2780K, capacity 2984K, committed 3072K, reserved 1048576K
}
Event: 15.801 GC heap before
{Heap before GC invocations=6 (full 1):
 PSYoungGen      total 71680K, used 66323K [0x0000000795580000, 0x000000079a080000, 0x00000007c0000000)
  eden space 66560K, 99% used [0x0000000795580000,0x0000000799644c18,0x0000000799680000)
  from space 5120K, 0% used [0x0000000799b80000,0x0000000799b80000,0x000000079a080000)
  to   space 5120K, 0% used [0x0000000799680000,0x0000000799680000,0x0000000799b80000)
 ParOldGen       total 166912K, used 84624K [0x0000000740000000, 0x000000074a300000, 0x0000000795580000)
  object space 166912K, 50% used [0x0000000740000000,0x00000007452a4120,0x000000074a300000)
 Metaspace       used 19542K, capacity 20454K, committed 20736K, reserved 1067008K
  class space    used 2780K, capacity 2984K, committed 3072K, reserved 1048576K
Event: 15.853 GC heap after
Heap after GC invocations=6 (full 1):
 PSYoungGen      total 71680K, used 4680K [0x0000000795580000, 0x00000007a3100000, 0x00000007c0000000)
  eden space 66560K, 0% used [0x0000000795580000,0x0000000795580000,0x0000000799680000)
  from space 5120K, 91% used [0x0000000799680000,0x0000000799b12010,0x0000000799b80000)
  to   space 50176K, 0% used [0x00000007a0000000,0x00000007a0000000,0x00000007a3100000)
 ParOldGen       total 166912K, used 143858K [0x0000000740000000, 0x000000074a300000, 0x0000000795580000)
  object space 166912K, 86% used [0x0000000740000000,0x0000000748c7cbf8,0x000000074a300000)
 Metaspace       used 19542K, capacity 20454K, committed 20736K, reserved 1067008K
  class space    used 2780K, capacity 2984K, committed 3072K, reserved 1048576K
}
Event: 15.854 GC heap before
{Heap before GC invocations=7 (full 2):
 PSYoungGen      total 71680K, used 4680K [0x0000000795580000, 0x00000007a3100000, 0x00000007c0000000)
  eden space 66560K, 0% used [0x0000000795580000,0x0000000795580000,0x0000000799680000)
  from space 5120K, 91% used [0x0000000799680000,0x0000000799b12010,0x0000000799b80000)
  to   space 50176K, 0% used [0x00000007a0000000,0x00000007a0000000,0x00000007a3100000)
 ParOldGen       total 166912K, used 143858K [0x0000000740000000, 0x000000074a300000, 0x0000000795580000)
  object space 166912K, 86% used [0x0000000740000000,0x0000000748c7cbf8,0x000000074a300000)
 Metaspace       used 19542K, capacity 20454K, committed 20736K, reserved 1067008K
  class space    used 2780K, capacity 2984K, committed 3072K, reserved 1048576K
Event: 15.950 GC heap after
Heap after GC invocations=7 (full 2):
 PSYoungGen      total 71680K, used 0K [0x0000000795580000, 0x00000007a3100000, 0x00000007c0000000)
  eden space 66560K, 0% used [0x0000000795580000,0x0000000795580000,0x0000000799680000)
  from space 5120K, 0% used [0x0000000799680000,0x0000000799680000,0x0000000799b80000)
  to   space 50176K, 0% used [0x00000007a0000000,0x00000007a0000000,0x00000007a3100000)
 ParOldGen       total 271872K, used 148273K [0x0000000740000000, 0x0000000750980000, 0x0000000795580000)
  object space 271872K, 54% used [0x0000000740000000,0x00000007490cc588,0x0000000750980000)
 Metaspace       used 19542K, capacity 20454K, committed 20736K, reserved 1067008K
  class space    used 2780K, capacity 2984K, committed 3072K, reserved 1048576K
}
Event: 16.777 GC heap before
{Heap before GC invocations=8 (full 2):
 PSYoungGen      total 71680K, used 66208K [0x0000000795580000, 0x00000007a3100000, 0x00000007c0000000)
  eden space 66560K, 99% used [0x0000000795580000,0x0000000799628140,0x0000000799680000)
  from space 5120K, 0% used [0x0000000799680000,0x0000000799680000,0x0000000799b80000)
  to   space 50176K, 0% used [0x00000007a0000000,0x00000007a0000000,0x00000007a3100000)
 ParOldGen       total 271872K, used 148273K [0x0000000740000000, 0x0000000750980000, 0x0000000795580000)
  object space 271872K, 54% used [0x0000000740000000,0x00000007490cc588,0x0000000750980000)
 Metaspace       used 19556K, capacity 20454K, committed 20736K, reserved 1067008K
  class space    used 2781K, capacity 2984K, committed 3072K, reserved 1048576K
Event: 16.817 GC heap after
Heap after GC invocations=8 (full 2):
 PSYoungGen      total 149504K, used 49919K [0x0000000795580000, 0x00000007a3100000, 0x00000007c0000000)
  eden space 99328K, 0% used [0x0000000795580000,0x0000000795580000,0x000000079b680000)
  from space 50176K, 99% used [0x00000007a0000000,0x00000007a30bfc68,0x00000007a3100000)
  to   space 61952K, 0% used [0x000000079b800000,0x000000079b800000,0x000000079f480000)
 ParOldGen       total 271872K, used 162593K [0x0000000740000000, 0x0000000750980000, 0x0000000795580000)
  object space 271872K, 59% used [0x0000000740000000,0x0000000749ec86b0,0x0000000750980000)
 Metaspace       used 19556K, capacity 20454K, committed 20736K, reserved 1067008K
  class space    used 2781K, capacity 2984K, committed 3072K, reserved 1048576K
}

Deoptimization events (10 events):
Event: 5.015 Thread 0x00007ff7d0954000 Uncommon trap: reason=unreached action=reinterpret pc=0x000000010ba18dc0 method=com.sun.javafx.css.SimpleSelector.stateMatches(Ljavafx/css/Styleable;Ljava/util/Set;)Z @ 1
Event: 9.457 Thread 0x00007ff7d0954000 Uncommon trap: reason=array_check action=maybe_recompile pc=0x000000010ba59254 method=com.sun.javafx.css.SimpleSelector.applies(Ljavafx/css/Styleable;[Ljava/util/Set;I)Z @ 37
Event: 9.457 Thread 0x00007ff7d0954000 Uncommon trap: reason=array_check action=maybe_recompile pc=0x000000010ba59254 method=com.sun.javafx.css.SimpleSelector.applies(Ljavafx/css/Styleable;[Ljava/util/Set;I)Z @ 37
Event: 9.457 Thread 0x00007ff7d0954000 Uncommon trap: reason=array_check action=maybe_recompile pc=0x000000010ba59254 method=com.sun.javafx.css.SimpleSelector.applies(Ljavafx/css/Styleable;[Ljava/util/Set;I)Z @ 37
Event: 9.458 Thread 0x00007ff7d0954000 Uncommon trap: reason=array_check action=maybe_recompile pc=0x000000010ba59254 method=com.sun.javafx.css.SimpleSelector.applies(Ljavafx/css/Styleable;[Ljava/util/Set;I)Z @ 37
Event: 10.593 Thread 0x00007ff7d0954000 Uncommon trap: reason=null_check action=make_not_entrant pc=0x000000010bc5ff30 method=javafx.scene.Node$MiscProperties.getClip()Ljavafx/scene/Node; @ 20
Event: 16.685 Thread 0x00007ff7d0954000 Uncommon trap: reason=class_check action=maybe_recompile pc=0x000000010b97e964 method=java.io.FilterInputStream.read()I @ 4
Event: 16.685 Thread 0x00007ff7d0954000 Uncommon trap: reason=class_check action=maybe_recompile pc=0x000000010b97e964 method=java.io.FilterInputStream.read()I @ 4
Event: 16.685 Thread 0x00007ff7d0954000 Uncommon trap: reason=class_check action=maybe_recompile pc=0x000000010b97e964 method=java.io.FilterInputStream.read()I @ 4
Event: 16.685 Thread 0x00007ff7d0954000 Uncommon trap: reason=class_check action=maybe_recompile pc=0x000000010b97e964 method=java.io.FilterInputStream.read()I @ 4

Internal exceptions (10 events):
Event: 16.651 Thread 0x00007ff7d0954000 Exception <a 'java/io/FileNotFoundException'> (0x0000000798260540) thrown at [/HUDSON3/workspace/8-2-build-macosx-x86_64/jdk8u20/1074/hotspot/src/share/vm/prims/jni.cpp, line 716]
Event: 16.660 Thread 0x00007ff7d0954000 Exception <a 'java/io/FileNotFoundException'> (0x0000000799068950) thrown at [/HUDSON3/workspace/8-2-build-macosx-x86_64/jdk8u20/1074/hotspot/src/share/vm/prims/jni.cpp, line 716]
Event: 16.670 Thread 0x00007ff7d0954000 Exception <a 'java/io/FileNotFoundException'> (0x000000079906ed40) thrown at [/HUDSON3/workspace/8-2-build-macosx-x86_64/jdk8u20/1074/hotspot/src/share/vm/prims/jni.cpp, line 716]
Event: 16.682 Thread 0x00007ff7d0954000 Exception <a 'java/security/PrivilegedActionException'> (0x0000000799075440) thrown at [/HUDSON3/workspace/8-2-build-macosx-x86_64/jdk8u20/1074/hotspot/src/share/vm/prims/jvm.cpp, line 1275]
Event: 16.684 Thread 0x00007ff7d0954000 Exception <a 'java/io/FileNotFoundException'> (0x0000000799079118) thrown at [/HUDSON3/workspace/8-2-build-macosx-x86_64/jdk8u20/1074/hotspot/src/share/vm/prims/jni.cpp, line 716]
Event: 16.688 Thread 0x00007ff7d0954000 Exception <a 'java/security/PrivilegedActionException'> (0x00000007990a71b8) thrown at [/HUDSON3/workspace/8-2-build-macosx-x86_64/jdk8u20/1074/hotspot/src/share/vm/prims/jvm.cpp, line 1275]
Event: 16.688 Thread 0x00007ff7d0954000 Exception <a 'java/io/FileNotFoundException'> (0x00000007990aa9c0) thrown at [/HUDSON3/workspace/8-2-build-macosx-x86_64/jdk8u20/1074/hotspot/src/share/vm/prims/jni.cpp, line 716]
Event: 16.856 Thread 0x00007ff7d0954000 Exception <a 'java/io/FileNotFoundException'> (0x0000000795677c78) thrown at [/HUDSON3/workspace/8-2-build-macosx-x86_64/jdk8u20/1074/hotspot/src/share/vm/prims/jni.cpp, line 716]
Event: 16.980 Thread 0x00007ff7d0954000 Exception <a 'java/io/FileNotFoundException'> (0x0000000795775398) thrown at [/HUDSON3/workspace/8-2-build-macosx-x86_64/jdk8u20/1074/hotspot/src/share/vm/prims/jni.cpp, line 716]
Event: 17.101 Thread 0x00007ff7d0954000 Exception <a 'java/io/FileNotFoundException'> (0x0000000795780580) thrown at [/HUDSON3/workspace/8-2-build-macosx-x86_64/jdk8u20/1074/hotspot/src/share/vm/prims/jni.cpp, line 716]

Events (10 events):
Event: 85.974 Thread 0x00007ff7d09c3000 Thread exited: 0x00007ff7d09c3000
Event: 85.975 Thread 0x00007ff7d1002800 Thread exited: 0x00007ff7d1002800
Event: 85.976 Thread 0x00007ff7d20c5000 Thread added: 0x00007ff7d20c5000
Event: 85.976 loading class java/util/IdentityHashMap$KeySet
Event: 85.976 loading class java/util/IdentityHashMap$KeySet done
Event: 85.977 loading class java/util/IdentityHashMap$KeyIterator
Event: 85.977 loading class java/util/IdentityHashMap$IdentityHashMapIterator
Event: 85.977 loading class java/util/IdentityHashMap$IdentityHashMapIterator done
Event: 85.977 loading class java/util/IdentityHashMap$KeyIterator done
Event: 85.978 Thread 0x00007ff7d20c5000 Thread exited: 0x00007ff7d20c5000


Dynamic libraries:
0x00000000017bc000 	/System/Library/Frameworks/Cocoa.framework/Versions/A/Cocoa
0x00000000017bc000 	/System/Library/Frameworks/Security.framework/Versions/A/Security
0x00000000017bc000 	/System/Library/Frameworks/ApplicationServices.framework/Versions/A/ApplicationServices
0x00000000017bc000 	/usr/lib/libz.1.dylib
0x00000000017bc000 	/usr/lib/libSystem.B.dylib
0x00000000017bc000 	/usr/lib/libobjc.A.dylib
0x00000000017bc000 	/System/Library/Frameworks/CoreFoundation.framework/Versions/A/CoreFoundation
0x00000000017bc000 	/System/Library/Frameworks/Foundation.framework/Versions/C/Foundation
0x00000000017bc000 	/System/Library/Frameworks/AppKit.framework/Versions/C/AppKit
0x00000000017bc000 	/System/Library/Frameworks/CoreData.framework/Versions/A/CoreData
0x00000000017bc000 	/System/Library/PrivateFrameworks/RemoteViewServices.framework/Versions/A/RemoteViewServices
0x00000000017bc000 	/System/Library/PrivateFrameworks/UIFoundation.framework/Versions/A/UIFoundation
0x00000000017bc000 	/System/Library/Frameworks/IOSurface.framework/Versions/A/IOSurface
0x00000000017bc000 	/System/Library/Frameworks/AudioToolbox.framework/Versions/A/AudioToolbox
0x00000000017bc000 	/System/Library/Frameworks/AudioUnit.framework/Versions/A/AudioUnit
0x00000000017bc000 	/System/Library/PrivateFrameworks/DataDetectorsCore.framework/Versions/A/DataDetectorsCore
0x00000000017bc000 	/System/Library/PrivateFrameworks/DesktopServicesPriv.framework/Versions/A/DesktopServicesPriv
0x00000000017bc000 	/System/Library/Frameworks/Carbon.framework/Versions/A/Frameworks/HIToolbox.framework/Versions/A/HIToolbox
0x00000000017bc000 	/System/Library/Frameworks/QuartzCore.framework/Versions/A/QuartzCore
0x00000000017bc000 	/System/Library/Frameworks/Carbon.framework/Versions/A/Frameworks/SpeechRecognition.framework/Versions/A/SpeechRecognition
0x00000000017bc000 	/usr/lib/libauto.dylib
0x00000000017bc000 	/usr/lib/libicucore.A.dylib
0x00000000017bc000 	/usr/lib/libxml2.2.dylib
0x00000000017bc000 	/System/Library/PrivateFrameworks/CoreUI.framework/Versions/A/CoreUI
0x00000000017bc000 	/System/Library/Frameworks/CoreAudio.framework/Versions/A/CoreAudio
0x00000000017bc000 	/System/Library/Frameworks/DiskArbitration.framework/Versions/A/DiskArbitration
0x00000000017bc000 	/usr/lib/liblangid.dylib
0x00000000017bc000 	/System/Library/PrivateFrameworks/MultitouchSupport.framework/Versions/A/MultitouchSupport
0x00000000017bc000 	/System/Library/Frameworks/IOKit.framework/Versions/A/IOKit
0x00000000017bc000 	/usr/lib/libDiagnosticMessagesClient.dylib
0x00000000017bc000 	/System/Library/Frameworks/CoreServices.framework/Versions/A/CoreServices
0x00000000017bc000 	/System/Library/PrivateFrameworks/PerformanceAnalysis.framework/Versions/A/PerformanceAnalysis
0x00000000017bc000 	/System/Library/PrivateFrameworks/GenerationalStorage.framework/Versions/A/GenerationalStorage
0x00000000017bc000 	/System/Library/Frameworks/OpenGL.framework/Versions/A/OpenGL
0x00000000017bc000 	/System/Library/PrivateFrameworks/Sharing.framework/Versions/A/Sharing
0x00000000017bc000 	/System/Library/Frameworks/CoreGraphics.framework/Versions/A/CoreGraphics
0x00000000017bc000 	/System/Library/Frameworks/CoreText.framework/Versions/A/CoreText
0x00000000017bc000 	/System/Library/Frameworks/ImageIO.framework/Versions/A/ImageIO
0x00000000017bc000 	/usr/lib/libextension.dylib
0x00000000017bc000 	/System/Library/PrivateFrameworks/Backup.framework/Versions/A/Backup
0x00000000017bc000 	/usr/lib/libarchive.2.dylib
0x00000000017bc000 	/System/Library/Frameworks/CFNetwork.framework/Versions/A/CFNetwork
0x00000000017bc000 	/System/Library/Frameworks/SystemConfiguration.framework/Versions/A/SystemConfiguration
0x00000000017bc000 	/usr/lib/libCRFSuite.dylib
0x00000000017bc000 	/usr/lib/libc++.1.dylib
0x00000000017bc000 	/usr/lib/libc++abi.dylib
0x00000000017bc000 	/usr/lib/system/libcache.dylib
0x00000000017bc000 	/usr/lib/system/libcommonCrypto.dylib
0x00000000017bc000 	/usr/lib/system/libcompiler_rt.dylib
0x00000000017bc000 	/usr/lib/system/libcopyfile.dylib
0x00000000017bc000 	/usr/lib/system/libcorecrypto.dylib
0x00000000017bc000 	/usr/lib/system/libdispatch.dylib
0x00000000017bc000 	/usr/lib/system/libdyld.dylib
0x00000000017bc000 	/usr/lib/system/libkeymgr.dylib
0x00000000017bc000 	/usr/lib/system/liblaunch.dylib
0x00000000017bc000 	/usr/lib/system/libmacho.dylib
0x00000000017bc000 	/usr/lib/system/libquarantine.dylib
0x00000000017bc000 	/usr/lib/system/libremovefile.dylib
0x00000000017bc000 	/usr/lib/system/libsystem_asl.dylib
0x00000000017bc000 	/usr/lib/system/libsystem_blocks.dylib
0x00000000017bc000 	/usr/lib/system/libsystem_c.dylib
0x00000000017bc000 	/usr/lib/system/libsystem_configuration.dylib
0x00000000017bc000 	/usr/lib/system/libsystem_coreservices.dylib
0x00000000017bc000 	/usr/lib/system/libsystem_coretls.dylib
0x00000000017bc000 	/usr/lib/system/libsystem_dnssd.dylib
0x00000000017bc000 	/usr/lib/system/libsystem_info.dylib
0x00000000017bc000 	/usr/lib/system/libsystem_kernel.dylib
0x00000000017bc000 	/usr/lib/system/libsystem_m.dylib
0x00000000017bc000 	/usr/lib/system/libsystem_malloc.dylib
0x00000000017bc000 	/usr/lib/system/libsystem_network.dylib
0x00000000017bc000 	/usr/lib/system/libsystem_networkextension.dylib
0x00000000017bc000 	/usr/lib/system/libsystem_notify.dylib
0x00000000017bc000 	/usr/lib/system/libsystem_platform.dylib
0x00000000017bc000 	/usr/lib/system/libsystem_pthread.dylib
0x00000000017bc000 	/usr/lib/system/libsystem_sandbox.dylib
0x00000000017bc000 	/usr/lib/system/libsystem_secinit.dylib
0x00000000017bc000 	/usr/lib/system/libsystem_stats.dylib
0x00000000017bc000 	/usr/lib/system/libsystem_trace.dylib
0x00000000017bc000 	/usr/lib/system/libunc.dylib
0x00000000017bc000 	/usr/lib/system/libunwind.dylib
0x00000000017bc000 	/usr/lib/system/libxpc.dylib
0x00000000017bc000 	/usr/lib/libbz2.1.0.dylib
0x00000000017bc000 	/usr/lib/liblzma.5.dylib
0x00000000017bc000 	/usr/lib/libbsm.0.dylib
0x00000000017bc000 	/usr/lib/libsqlite3.dylib
0x00000000017bc000 	/usr/lib/system/libkxld.dylib
0x00000000017bc000 	/usr/lib/libxar.1.dylib
0x00000000017bc000 	/usr/lib/libpam.2.dylib
0x00000000017bc000 	/usr/lib/libOpenScriptingUtil.dylib
0x00000000017bc000 	/System/Library/Frameworks/CoreServices.framework/Versions/A/Frameworks/FSEvents.framework/Versions/A/FSEvents
0x00000000017bc000 	/System/Library/Frameworks/CoreServices.framework/Versions/A/Frameworks/CarbonCore.framework/Versions/A/CarbonCore
0x00000000017bc000 	/System/Library/Frameworks/CoreServices.framework/Versions/A/Frameworks/Metadata.framework/Versions/A/Metadata
0x00000000017bc000 	/System/Library/Frameworks/CoreServices.framework/Versions/A/Frameworks/OSServices.framework/Versions/A/OSServices
0x00000000017bc000 	/System/Library/Frameworks/CoreServices.framework/Versions/A/Frameworks/SearchKit.framework/Versions/A/SearchKit
0x00000000017bc000 	/System/Library/Frameworks/CoreServices.framework/Versions/A/Frameworks/AE.framework/Versions/A/AE
0x00000000017bc000 	/System/Library/Frameworks/CoreServices.framework/Versions/A/Frameworks/LaunchServices.framework/Versions/A/LaunchServices
0x00000000017bc000 	/System/Library/Frameworks/CoreServices.framework/Versions/A/Frameworks/DictionaryServices.framework/Versions/A/DictionaryServices
0x00000000017bc000 	/System/Library/Frameworks/NetFS.framework/Versions/A/NetFS
0x00000000017bc000 	/System/Library/PrivateFrameworks/NetAuth.framework/Versions/A/NetAuth
0x00000000017bc000 	/System/Library/PrivateFrameworks/login.framework/Versions/A/Frameworks/loginsupport.framework/Versions/A/loginsupport
0x00000000017bc000 	/System/Library/PrivateFrameworks/TCC.framework/Versions/A/TCC
0x00000000017bc000 	/usr/lib/libmecabra.dylib
0x00000000017bc000 	/System/Library/PrivateFrameworks/LanguageModeling.framework/Versions/A/LanguageModeling
0x00000000017bc000 	/usr/lib/libcmph.dylib
0x00000000017bc000 	/usr/lib/libiconv.2.dylib
0x00000000017bc000 	/System/Library/Frameworks/OpenDirectory.framework/Versions/A/Frameworks/CFOpenDirectory.framework/Versions/A/CFOpenDirectory
0x00000000017bc000 	/System/Library/Frameworks/ServiceManagement.framework/Versions/A/ServiceManagement
0x00000000017bc000 	/usr/lib/libxslt.1.dylib
0x00000000017bc000 	/System/Library/Frameworks/Carbon.framework/Versions/A/Frameworks/Ink.framework/Versions/A/Ink
0x00000000017bc000 	/System/Library/Frameworks/ApplicationServices.framework/Versions/A/Frameworks/ATS.framework/Versions/A/ATS
0x00000000017bc000 	/System/Library/Frameworks/ApplicationServices.framework/Versions/A/Frameworks/ColorSync.framework/Versions/A/ColorSync
0x00000000017bc000 	/System/Library/Frameworks/ApplicationServices.framework/Versions/A/Frameworks/HIServices.framework/Versions/A/HIServices
0x00000000017bc000 	/System/Library/Frameworks/ApplicationServices.framework/Versions/A/Frameworks/LangAnalysis.framework/Versions/A/LangAnalysis
0x00000000017bc000 	/System/Library/Frameworks/ApplicationServices.framework/Versions/A/Frameworks/PrintCore.framework/Versions/A/PrintCore
0x00000000017bc000 	/System/Library/Frameworks/ApplicationServices.framework/Versions/A/Frameworks/QD.framework/Versions/A/QD
0x00000000017bc000 	/System/Library/Frameworks/ApplicationServices.framework/Versions/A/Frameworks/SpeechSynthesis.framework/Versions/A/SpeechSynthesis
0x00000000017bc000 	/System/Library/Frameworks/Accelerate.framework/Versions/A/Accelerate
0x00000000017bc000 	/System/Library/Frameworks/Accelerate.framework/Versions/A/Frameworks/vImage.framework/Versions/A/vImage
0x00000000017bc000 	/System/Library/Frameworks/Accelerate.framework/Versions/A/Frameworks/vecLib.framework/Versions/A/vecLib
0x00000000017bc000 	/System/Library/Frameworks/Accelerate.framework/Versions/A/Frameworks/vecLib.framework/Versions/A/libvDSP.dylib
0x00000000017bc000 	/System/Library/Frameworks/Accelerate.framework/Versions/A/Frameworks/vecLib.framework/Versions/A/libvMisc.dylib
0x00000000017bc000 	/System/Library/Frameworks/Accelerate.framework/Versions/A/Frameworks/vecLib.framework/Versions/A/libLAPACK.dylib
0x00000000017bc000 	/System/Library/Frameworks/Accelerate.framework/Versions/A/Frameworks/vecLib.framework/Versions/A/libBLAS.dylib
0x00000000017bc000 	/System/Library/Frameworks/Accelerate.framework/Versions/A/Frameworks/vecLib.framework/Versions/A/libLinearAlgebra.dylib
0x00000000017bc000 	/System/Library/Frameworks/ApplicationServices.framework/Versions/A/Frameworks/ATS.framework/Versions/A/Resources/libFontParser.dylib
0x00000000017bc000 	/System/Library/Frameworks/ApplicationServices.framework/Versions/A/Frameworks/ATS.framework/Versions/A/Resources/libFontRegistry.dylib
0x00000000017bc000 	/System/Library/PrivateFrameworks/AppleVPA.framework/Versions/A/AppleVPA
0x00000000017bc000 	/System/Library/PrivateFrameworks/AppleJPEG.framework/Versions/A/AppleJPEG
0x00000000017bc000 	/System/Library/Frameworks/ImageIO.framework/Versions/A/Resources/libJPEG.dylib
0x00000000017bc000 	/System/Library/Frameworks/ImageIO.framework/Versions/A/Resources/libTIFF.dylib
0x00000000017bc000 	/System/Library/Frameworks/ImageIO.framework/Versions/A/Resources/libPng.dylib
0x00000000017bc000 	/System/Library/Frameworks/ImageIO.framework/Versions/A/Resources/libGIF.dylib
0x00000000017bc000 	/System/Library/Frameworks/ImageIO.framework/Versions/A/Resources/libJP2.dylib
0x00000000017bc000 	/System/Library/Frameworks/ImageIO.framework/Versions/A/Resources/libRadiance.dylib
0x00000000017bc000 	/System/Library/Frameworks/CoreVideo.framework/Versions/A/CoreVideo
0x00000000017bc000 	/System/Library/Frameworks/OpenGL.framework/Versions/A/Libraries/libGLU.dylib
0x00000000017bc000 	/System/Library/Frameworks/OpenGL.framework/Versions/A/Libraries/libGFXShared.dylib
0x00000000017bc000 	/System/Library/Frameworks/OpenGL.framework/Versions/A/Libraries/libGL.dylib
0x00000000017bc000 	/System/Library/Frameworks/OpenGL.framework/Versions/A/Libraries/libGLImage.dylib
0x00000000017bc000 	/System/Library/Frameworks/OpenGL.framework/Versions/A/Libraries/libCVMSPluginSupport.dylib
0x00000000017bc000 	/System/Library/Frameworks/OpenGL.framework/Versions/A/Libraries/libCoreVMClient.dylib
0x00000000017bc000 	/usr/lib/libcups.2.dylib
0x00000000017bc000 	/System/Library/Frameworks/Kerberos.framework/Versions/A/Kerberos
0x00000000017bc000 	/System/Library/Frameworks/GSS.framework/Versions/A/GSS
0x00000000017bc000 	/usr/lib/libresolv.9.dylib
0x00000000017bc000 	/System/Library/PrivateFrameworks/Heimdal.framework/Versions/A/Heimdal
0x00000000017bc000 	/usr/lib/libheimdal-asn1.dylib
0x00000000017bc000 	/System/Library/Frameworks/OpenDirectory.framework/Versions/A/OpenDirectory
0x00000000017bc000 	/System/Library/PrivateFrameworks/CommonAuth.framework/Versions/A/CommonAuth
0x00000000017bc000 	/System/Library/Frameworks/SecurityFoundation.framework/Versions/A/SecurityFoundation
0x00000000017bc000 	/System/Library/Frameworks/QuartzCore.framework/Versions/A/Frameworks/CoreImage.framework/Versions/A/CoreImage
0x00000000017bc000 	/System/Library/PrivateFrameworks/CrashReporterSupport.framework/Versions/A/CrashReporterSupport
0x00000000017bc000 	/System/Library/Frameworks/OpenCL.framework/Versions/A/OpenCL
0x00000000017bc000 	/System/Library/PrivateFrameworks/FaceCore.framework/Versions/A/FaceCore
0x00000000017bc000 	/System/Library/PrivateFrameworks/Ubiquity.framework/Versions/A/Ubiquity
0x00000000017bc000 	/System/Library/PrivateFrameworks/IconServices.framework/Versions/A/IconServices
0x00000000017bc000 	/System/Library/PrivateFrameworks/ChunkingLibrary.framework/Versions/A/ChunkingLibrary
0x00000000017bc000 	/System/Library/PrivateFrameworks/Apple80211.framework/Versions/A/Apple80211
0x00000000017bc000 	/System/Library/Frameworks/CoreWLAN.framework/Versions/A/CoreWLAN
0x00000000017bc000 	/System/Library/Frameworks/IOBluetooth.framework/Versions/A/IOBluetooth
0x00000000017bc000 	/System/Library/PrivateFrameworks/CoreWiFi.framework/Versions/A/CoreWiFi
0x00000000017bc000 	/System/Library/Frameworks/CoreBluetooth.framework/Versions/A/CoreBluetooth
0x00000000017bc000 	/System/Library/PrivateFrameworks/DebugSymbols.framework/Versions/A/DebugSymbols
0x00000000017bc000 	/System/Library/PrivateFrameworks/CoreSymbolication.framework/Versions/A/CoreSymbolication
0x00000000017bc000 	/System/Library/PrivateFrameworks/Symbolication.framework/Versions/A/Symbolication
0x00000000017bc000 	/System/Library/PrivateFrameworks/SpeechRecognitionCore.framework/Versions/A/SpeechRecognitionCore
0x0000000109d7e000 	/Library/Java/JavaVirtualMachines/jdk1.8.0_20.jdk/Contents/Home/jre/lib/server/libjvm.dylib
0x00000000017bc000 	/usr/lib/libstdc++.6.dylib
0x000000010ad9c000 	/Library/Java/JavaVirtualMachines/jdk1.8.0_20.jdk/Contents/Home/jre/lib/libverify.dylib
0x000000010adaa000 	/Library/Java/JavaVirtualMachines/jdk1.8.0_20.jdk/Contents/Home/jre/lib/libjava.dylib
0x000000010b600000 	/Library/Java/JavaVirtualMachines/jdk1.8.0_20.jdk/Contents/Home/jre/lib/libzip.dylib
0x0000000121655000 	/System/Library/Frameworks/JavaVM.framework/Frameworks/JavaRuntimeSupport.framework/JavaRuntimeSupport
0x000000012166b000 	/System/Library/Frameworks/JavaVM.framework/Versions/A/Frameworks/JavaNativeFoundation.framework/Versions/A/JavaNativeFoundation
0x000000012167f000 	/System/Library/Frameworks/JavaVM.framework/Versions/A/JavaVM
0x00000000017bc000 	/System/Library/Frameworks/Carbon.framework/Versions/A/Carbon
0x000000012168b000 	/System/Library/PrivateFrameworks/JavaLaunching.framework/Versions/A/JavaLaunching
0x00000000017bc000 	/System/Library/Frameworks/Carbon.framework/Versions/A/Frameworks/CommonPanels.framework/Versions/A/CommonPanels
0x00000000017bc000 	/System/Library/Frameworks/Carbon.framework/Versions/A/Frameworks/Help.framework/Versions/A/Help
0x00000000017bc000 	/System/Library/Frameworks/Carbon.framework/Versions/A/Frameworks/ImageCapture.framework/Versions/A/ImageCapture
0x00000000017bc000 	/System/Library/Frameworks/Carbon.framework/Versions/A/Frameworks/OpenScripting.framework/Versions/A/OpenScripting
0x00000000017bc000 	/System/Library/Frameworks/Carbon.framework/Versions/A/Frameworks/Print.framework/Versions/A/Print
0x00000000017bc000 	/System/Library/Frameworks/Carbon.framework/Versions/A/Frameworks/SecurityHI.framework/Versions/A/SecurityHI
0x000000012363a000 	/Library/Java/JavaVirtualMachines/jdk1.8.0_20.jdk/Contents/Home/jre/lib/libprism_es2.dylib
0x00000000017bc000 	/System/Library/Frameworks/OpenGL.framework/Versions/A/Resources/GLEngine.bundle/GLEngine
0x00000000017bc000 	/System/Library/Frameworks/OpenGL.framework/Versions/A/Libraries/libGLProgrammability.dylib
0x0000000000000000 	/System/Library/Extensions/AppleIntelHD5000GraphicsGLDriver.bundle/Contents/MacOS/AppleIntelHD5000GraphicsGLDriver
0x00000000017bc000 	/System/Library/PrivateFrameworks/IOAccelerator.framework/Versions/A/IOAccelerator
0x00000000017bc000 	/System/Library/PrivateFrameworks/GPUSupport.framework/Versions/A/Libraries/libGPUSupportMercury.dylib
0x00000000017bc000 	/System/Library/Frameworks/OpenGL.framework/Versions/A/Resources/GLRendererFloat.bundle/GLRendererFloat
0x00000000017bc000 	/System/Library/Frameworks/OpenCL.framework/Versions/A/Libraries/libcldcpuengine.dylib
0x00000000017bc000 	/System/Library/PrivateFrameworks/DiskImages.framework/Versions/A/DiskImages
0x00000000017bc000 	/System/Library/Frameworks/DiscRecording.framework/Versions/A/DiscRecording
0x00000000017bc000 	/usr/lib/libcsfde.dylib
0x00000000017bc000 	/usr/lib/libcurl.4.dylib
0x00000000017bc000 	/System/Library/PrivateFrameworks/MediaKit.framework/Versions/A/MediaKit
0x00000000017bc000 	/System/Library/PrivateFrameworks/ProtectedCloudStorage.framework/Versions/A/ProtectedCloudStorage
0x00000000017bc000 	/usr/lib/libCoreStorage.dylib
0x00000000017bc000 	/System/Library/PrivateFrameworks/EFILogin.framework/Versions/A/EFILogin
0x00000000017bc000 	/usr/lib/libutil.dylib
0x00000000017bc000 	/System/Library/PrivateFrameworks/FindMyDevice.framework/Versions/A/FindMyDevice
0x00000000017bc000 	/System/Library/Frameworks/LDAP.framework/Versions/A/LDAP
0x00000000017bc000 	/usr/lib/libsasl2.2.dylib
0x00000000017bc000 	/System/Library/PrivateFrameworks/CoreDaemon.framework/Versions/B/CoreDaemon
0x00000000017bc000 	/usr/lib/libcrypto.0.9.8.dylib
0x00000000017bc000 	/System/Library/PrivateFrameworks/AppleSRP.framework/Versions/A/AppleSRP
0x00000000017bc000 	/System/Library/PrivateFrameworks/TrustEvaluationAgent.framework/Versions/A/TrustEvaluationAgent
0x0000000123ae7000 	/Library/Java/JavaVirtualMachines/jdk1.8.0_20.jdk/Contents/Home/jre/lib/libglass.dylib
0x00000000017bc000 	/System/Library/PrivateFrameworks/CoreServicesInternal.framework/Versions/A/CoreServicesInternal
0x00000000017bc000 	/System/Library/PrivateFrameworks/CloudDocs.framework/Versions/A/CloudDocs
0x00000000017bc000 	/System/Library/PrivateFrameworks/CoreDuet.framework/Versions/A/CoreDuet
0x00000000017bc000 	/System/Library/Frameworks/CloudKit.framework/Versions/A/CloudKit
0x00000000017bc000 	/System/Library/PrivateFrameworks/ProtocolBuffer.framework/Versions/A/ProtocolBuffer
0x00000000017bc000 	/System/Library/PrivateFrameworks/CoreDuetDaemonProtocol.framework/Versions/A/CoreDuetDaemonProtocol
0x00000000017bc000 	/System/Library/PrivateFrameworks/CoreDuetDebugLogging.framework/Versions/A/CoreDuetDebugLogging
0x00000000017bc000 	/System/Library/Frameworks/CoreLocation.framework/Versions/A/CoreLocation
0x00000000017bc000 	/System/Library/Frameworks/Accounts.framework/Versions/A/Accounts
0x00000000017bc000 	/System/Library/PrivateFrameworks/ApplePushService.framework/Versions/A/ApplePushService
0x00000000017bc000 	/System/Library/PrivateFrameworks/GeoServices.framework/Versions/A/GeoServices
0x00000000017bc000 	/System/Library/PrivateFrameworks/OAuth.framework/Versions/A/OAuth
0x00000000017bc000 	/System/Library/Frameworks/CoreGraphics.framework/Versions/A/Resources/libCGCMS.A.dylib
0x00000000017bc000 	/System/Library/CoreServices/RawCamera.bundle/Contents/MacOS/RawCamera
0x00000000017bc000 	/System/Library/Frameworks/CoreGraphics.framework/Versions/A/Resources/libRIP.A.dylib
0x00000000017bc000 	/System/Library/PrivateFrameworks/FamilyControls.framework/Versions/A/FamilyControls
0x00000000017bc000 	/System/Library/PrivateFrameworks/CommerceKit.framework/Versions/A/Frameworks/CommerceCore.framework/Versions/A/CommerceCore
0x00000000017bc000 	/System/Library/PrivateFrameworks/SystemAdministration.framework/Versions/A/SystemAdministration
0x00000000017bc000 	/System/Library/PrivateFrameworks/AppContainer.framework/Versions/A/AppContainer
0x00000000017bc000 	/System/Library/PrivateFrameworks/SecCodeWrapper.framework/Versions/A/SecCodeWrapper
0x00000000017bc000 	/System/Library/Frameworks/DirectoryService.framework/Versions/A/DirectoryService
0x00000000017bc000 	/System/Library/PrivateFrameworks/LoginUIKit.framework/Versions/A/Frameworks/LoginUICore.framework/Versions/A/LoginUICore
0x00000000017bc000 	/usr/lib/libodfde.dylib
0x000000012741d000 	/Library/Java/JavaVirtualMachines/jdk1.8.0_20.jdk/Contents/Home/jre/lib/libjavafx_font.dylib
0x00000000017bc000 	/System/Library/Frameworks/CoreGraphics.framework/Versions/A/Resources/libCGXType.A.dylib
0x0000000127996000 	/Library/Java/JavaVirtualMachines/jdk1.8.0_20.jdk/Contents/Home/jre/lib/libjavafx_iio.dylib
0x0000000127994000 	cl_kernels
0x000000012b81b000 	/System/Library/Frameworks/OpenCL.framework/Versions/A/Libraries/ImageFormats/unorm8_bgra.dylib
0x00000001279ee000 	cl_kernels
0x000000012c48c000 	/Library/Java/JavaVirtualMachines/jdk1.8.0_20.jdk/Contents/Home/jre/lib/libprism_common.dylib
0x00000001252d7000 	/Library/Java/JavaVirtualMachines/jdk1.8.0_20.jdk/Contents/Home/jre/lib/libnio.dylib
0x0000000125329000 	/Library/Java/JavaVirtualMachines/jdk1.8.0_20.jdk/Contents/Home/jre/lib/./libnet.dylib

VM Arguments:
jvm_args: -Dfile.encoding=UTF-8 
java_command: /Users/chaojiewang/Desktop/Fall 2014/cse219/HW2/JourneyThroughEurope/dist/run2134840023/JourneyThroughEurope.jar
java_class_path (initial): /Users/chaojiewang/Desktop/Fall 2014/cse219/HW2/JourneyThroughEurope/dist/run2134840023/JourneyThroughEurope.jar
Launcher Type: SUN_STANDARD

Environment Variables:
PATH=/usr/bin:/bin:/usr/sbin:/sbin
LD_LIBRARY_PATH=/Library/Java/JavaVirtualMachines/jdk1.8.0_20.jdk/Contents/Home/jre/lib/amd64:/Library/Java/JavaVirtualMachines/jdk1.8.0_20.jdk/Contents/Home/jre/lib/i386:
SHELL=/bin/zsh
DYLD_LIBRARY_PATH=/Applications/NetBeans/NetBeans 8.0.app/Contents/Resources/NetBeans/webcommon/bin:

Signal Handlers:
SIGSEGV: [libjvm.dylib+0x578fd7], sa_mask[0]=11111111011111110111111111111111, sa_flags=SA_ONSTACK|SA_RESTART|SA_SIGINFO
SIGBUS: [libjvm.dylib+0x578fd7], sa_mask[0]=11111111011111110111111111111111, sa_flags=SA_RESTART|SA_SIGINFO
SIGFPE: [libjvm.dylib+0x45ab0c], sa_mask[0]=11111111011111110111111111111111, sa_flags=SA_RESTART|SA_SIGINFO
SIGPIPE: [libjvm.dylib+0x45ab0c], sa_mask[0]=11111111011111110111111111111111, sa_flags=SA_RESTART|SA_SIGINFO
SIGXFSZ: [libjvm.dylib+0x45ab0c], sa_mask[0]=11111111011111110111111111111111, sa_flags=SA_RESTART|SA_SIGINFO
SIGILL: [libjvm.dylib+0x45ab0c], sa_mask[0]=11111111011111110111111111111111, sa_flags=SA_RESTART|SA_SIGINFO
SIGUSR1: SIG_DFL, sa_mask[0]=00000000000000000000000000000000, sa_flags=none
SIGUSR2: [libjvm.dylib+0x45a62a], sa_mask[0]=00100000000000000000000000000000, sa_flags=SA_RESTART|SA_SIGINFO
SIGHUP: [libjvm.dylib+0x458bfd], sa_mask[0]=11111111011111110111111111111111, sa_flags=SA_RESTART|SA_SIGINFO
SIGINT: SIG_IGN, sa_mask[0]=00000000000000000000000000000000, sa_flags=none
SIGTERM: [libjvm.dylib+0x458bfd], sa_mask[0]=11111111011111110111111111111111, sa_flags=SA_RESTART|SA_SIGINFO
SIGQUIT: [libjvm.dylib+0x458bfd], sa_mask[0]=11111111011111110111111111111111, sa_flags=SA_RESTART|SA_SIGINFO


---------------  S Y S T E M  ---------------

OS:Bsduname:Darwin 14.0.0 Darwin Kernel Version 14.0.0: Fri Sep 19 00:26:44 PDT 2014; root:xnu-2782.1.97~2/RELEASE_X86_64 x86_64
rlimit: STACK 8192k, CORE 0k, NPROC 709, NOFILE 10240, AS infinity
load average:4.02 2.85 2.39

CPU:total 4 (2 cores per cpu, 2 threads per core) family 6 model 69 stepping 1, cmov, cx8, fxsr, mmx, sse, sse2, sse3, ssse3, sse4.1, sse4.2, popcnt, avx, avx2, aes, clmul, erms, lzcnt, ht, tsc, tscinvbit, bmi1, bmi2

Memory: 4k page, physical 8388608k(839728k free)

/proc/meminfo:


vm_info: Java HotSpot(TM) 64-Bit Server VM (25.20-b23) for bsd-amd64 JRE (1.8.0_20-b26), built on Jul 30 2014 13:37:47 by "java_re" with gcc 4.2.1 (Based on Apple Inc. build 5658) (LLVM build 2336.9.00)

time: Sun Nov 23 02:00:03 2014
elapsed time: 86 seconds (0d 0h 1m 26s)

